[  +18 ms] executing: sysctl hw.optional.arm64
[   +3 ms] Exit code 0 from: sysctl hw.optional.arm64
[        ] hw.optional.arm64: 1
[   +4 ms] Artifact Instance of 'MaterialFonts' is not required, skipping update.
[        ] Artifact Instance of 'GradleWrapper' is not required, skipping update.
[        ] Artifact Instance of 'AndroidGenSnapshotArtifacts' is not required, skipping update.
[        ] Artifact Instance of 'AndroidInternalBuildArtifacts' is not required, skipping update.
[        ] Artifact Instance of 'IOSEngineArtifacts' is not required, skipping update.
[        ] Artifact Instance of 'FlutterWebSdk' is not required, skipping update.
[        ] Artifact Instance of 'LegacyCanvasKitRemover' is not required, skipping update.
[        ] Artifact Instance of 'FlutterSdk' is not required, skipping update.
[        ] Artifact Instance of 'WindowsEngineArtifacts' is not required, skipping update.
[        ] Artifact Instance of 'MacOSEngineArtifacts' is not required, skipping update.
[        ] Artifact Instance of 'LinuxEngineArtifacts' is not required, skipping update.
[        ] Artifact Instance of 'LinuxFuchsiaSDKArtifacts' is not required, skipping update.
[        ] Artifact Instance of 'MacOSFuchsiaSDKArtifacts' is not required, skipping update.
[        ] Artifact Instance of 'FlutterRunnerSDKArtifacts' is not required, skipping update.
[        ] Artifact Instance of 'FlutterRunnerDebugSymbols' is not required, skipping update.
[        ] Artifact Instance of 'IosUsbArtifacts' is not required, skipping update.
[        ] Artifact Instance of 'IosUsbArtifacts' is not required, skipping update.
[        ] Artifact Instance of 'IosUsbArtifacts' is not required, skipping update.
[        ] Artifact Instance of 'IosUsbArtifacts' is not required, skipping update.
[        ] Artifact Instance of 'IosUsbArtifacts' is not required, skipping update.
[        ] Artifact Instance of 'IosUsbArtifacts' is not required, skipping update.
[        ] Artifact Instance of 'FontSubsetArtifacts' is not required, skipping update.
[        ] Artifact Instance of 'PubDependencies' is not required, skipping update.
[        ] executing: [/Users/warren/dev/flutter/] git -c log.showSignature=false log HEAD -n 1 --pretty=format:%ad --date=iso
[  +15 ms] Exit code 0 from: git -c log.showSignature=false log HEAD -n 1 --pretty=format:%ad --date=iso
[        ] 2025-10-28 14:32:10 -0500
[   +7 ms] Artifact Instance of 'AndroidGenSnapshotArtifacts' is not required, skipping update.
[        ] Artifact Instance of 'AndroidInternalBuildArtifacts' is not required, skipping update.
[        ] Artifact Instance of 'IOSEngineArtifacts' is not required, skipping update.
[        ] Artifact Instance of 'FlutterWebSdk' is not required, skipping update.
[        ] Artifact Instance of 'FlutterEngineStamp' is not required, skipping update.
[        ] Artifact Instance of 'LegacyCanvasKitRemover' is not required, skipping update.
[        ] Artifact Instance of 'WindowsEngineArtifacts' is not required, skipping update.
[        ] Artifact Instance of 'MacOSEngineArtifacts' is not required, skipping update.
[        ] Artifact Instance of 'LinuxEngineArtifacts' is not required, skipping update.
[        ] Artifact Instance of 'LinuxFuchsiaSDKArtifacts' is not required, skipping update.
[        ] Artifact Instance of 'MacOSFuchsiaSDKArtifacts' is not required, skipping update.
[        ] Artifact Instance of 'FlutterRunnerSDKArtifacts' is not required, skipping update.
[        ] Artifact Instance of 'FlutterRunnerDebugSymbols' is not required, skipping update.
[  +18 ms] Artifact Instance of 'MaterialFonts' is not required, skipping update.
[        ] Artifact Instance of 'GradleWrapper' is not required, skipping update.
[        ] Artifact Instance of 'AndroidGenSnapshotArtifacts' is not required, skipping update.
[        ] Artifact Instance of 'AndroidInternalBuildArtifacts' is not required, skipping update.
[        ] Artifact Instance of 'IOSEngineArtifacts' is not required, skipping update.
[        ] Artifact Instance of 'FlutterWebSdk' is not required, skipping update.
[        ] Artifact Instance of 'FlutterEngineStamp' is not required, skipping update.
[        ] Artifact Instance of 'LegacyCanvasKitRemover' is not required, skipping update.
[        ] Artifact Instance of 'FlutterSdk' is not required, skipping update.
[        ] Artifact Instance of 'WindowsEngineArtifacts' is not required, skipping update.
[   +1 ms] Artifact Instance of 'LinuxEngineArtifacts' is not required, skipping update.
[        ] Artifact Instance of 'LinuxFuchsiaSDKArtifacts' is not required, skipping update.
[        ] Artifact Instance of 'MacOSFuchsiaSDKArtifacts' is not required, skipping update.
[        ] Artifact Instance of 'FlutterRunnerSDKArtifacts' is not required, skipping update.
[        ] Artifact Instance of 'FlutterRunnerDebugSymbols' is not required, skipping update.
[        ] Artifact Instance of 'IosUsbArtifacts' is not required, skipping update.
[        ] Artifact Instance of 'IosUsbArtifacts' is not required, skipping update.
[        ] Artifact Instance of 'IosUsbArtifacts' is not required, skipping update.
[        ] Artifact Instance of 'IosUsbArtifacts' is not required, skipping update.
[        ] Artifact Instance of 'IosUsbArtifacts' is not required, skipping update.
[        ] Artifact Instance of 'IosUsbArtifacts' is not required, skipping update.
[        ] Artifact Instance of 'FontSubsetArtifacts' is not required, skipping update.
[        ] Artifact Instance of 'PubDependencies' is not required, skipping update.
[  +14 ms] Skipping pub get: version match.
[  +86 ms] Found plugin connectivity_plus at /Users/warren/.pub-cache/hosted/pub.dev/connectivity_plus-6.1.5/
[   +6 ms] Found plugin shared_preferences at /Users/warren/.pub-cache/hosted/pub.dev/shared_preferences-2.5.3/
[        ] Found plugin shared_preferences_windows at /Users/warren/.pub-cache/hosted/pub.dev/shared_preferences_windows-2.4.1/
[        ] Found plugin path_provider_windows at /Users/warren/.pub-cache/hosted/pub.dev/path_provider_windows-2.3.0/
[   +1 ms] Found plugin shared_preferences_web at /Users/warren/.pub-cache/hosted/pub.dev/shared_preferences_web-2.4.3/
[        ] Found plugin shared_preferences_linux at /Users/warren/.pub-cache/hosted/pub.dev/shared_preferences_linux-2.4.1/
[        ] Found plugin path_provider_linux at /Users/warren/.pub-cache/hosted/pub.dev/path_provider_linux-2.2.1/
[        ] Found plugin shared_preferences_foundation at /Users/warren/.pub-cache/hosted/pub.dev/shared_preferences_foundation-2.5.5/
[   +1 ms] Found plugin shared_preferences_android at /Users/warren/.pub-cache/hosted/pub.dev/shared_preferences_android-2.4.15/
[        ] Found plugin image_picker at /Users/warren/.pub-cache/hosted/pub.dev/image_picker-1.2.0/
[        ] Found plugin image_picker_windows at /Users/warren/.pub-cache/hosted/pub.dev/image_picker_windows-0.2.2/
[   +1 ms] Found plugin file_selector_windows at /Users/warren/.pub-cache/hosted/pub.dev/file_selector_windows-0.9.3+4/
[        ] Found plugin image_picker_macos at /Users/warren/.pub-cache/hosted/pub.dev/image_picker_macos-0.2.2+1/
[        ] Found plugin file_selector_macos at /Users/warren/.pub-cache/hosted/pub.dev/file_selector_macos-0.9.4+5/
[        ] Found plugin image_picker_linux at /Users/warren/.pub-cache/hosted/pub.dev/image_picker_linux-0.2.2/
[        ] Found plugin file_selector_linux at /Users/warren/.pub-cache/hosted/pub.dev/file_selector_linux-0.9.3+2/
[        ] Found plugin image_picker_ios at /Users/warren/.pub-cache/hosted/pub.dev/image_picker_ios-0.8.13+1/
[        ] Found plugin image_picker_for_web at /Users/warren/.pub-cache/hosted/pub.dev/image_picker_for_web-3.1.0/
[        ] Found plugin image_picker_android at /Users/warren/.pub-cache/hosted/pub.dev/image_picker_android-0.8.13+5/
[        ] Found plugin flutter_plugin_android_lifecycle at /Users/warren/.pub-cache/hosted/pub.dev/flutter_plugin_android_lifecycle-2.0.32/
[        ] Found plugin image_cropper at /Users/warren/.pub-cache/hosted/pub.dev/image_cropper-9.1.0/
[        ] Found plugin image_cropper_for_web at /Users/warren/.pub-cache/hosted/pub.dev/image_cropper_for_web-6.1.0/
[   +2 ms] Found plugin file_picker at /Users/warren/.pub-cache/hosted/pub.dev/file_picker-10.3.3/
[   +4 ms] Found plugin sqflite at /Users/warren/.pub-cache/hosted/pub.dev/sqflite-2.4.2/
[   +2 ms] Found plugin sqflite_darwin at /Users/warren/.pub-cache/hosted/pub.dev/sqflite_darwin-2.4.2/
[        ] Found plugin sqflite_android at /Users/warren/.pub-cache/hosted/pub.dev/sqflite_android-2.4.2+2/
[   +1 ms] Found plugin path_provider at /Users/warren/.pub-cache/hosted/pub.dev/path_provider-2.1.5/
[   +1 ms] Found plugin path_provider_foundation at /Users/warren/.pub-cache/hosted/pub.dev/path_provider_foundation-2.4.3/
[        ] Found plugin path_provider_android at /Users/warren/.pub-cache/hosted/pub.dev/path_provider_android-2.2.20/
[   +3 ms] Found plugin google_sign_in at /Users/warren/.pub-cache/hosted/pub.dev/google_sign_in-6.3.0/
[        ] Found plugin google_sign_in_web at /Users/warren/.pub-cache/hosted/pub.dev/google_sign_in_web-0.12.4+4/
[   +1 ms] Found plugin google_sign_in_ios at /Users/warren/.pub-cache/hosted/pub.dev/google_sign_in_ios-5.9.0/
[        ] Found plugin google_sign_in_android at /Users/warren/.pub-cache/hosted/pub.dev/google_sign_in_android-6.2.1/
[  +52 ms] Found plugin connectivity_plus at /Users/warren/.pub-cache/hosted/pub.dev/connectivity_plus-6.1.5/
[   +2 ms] Found plugin shared_preferences at /Users/warren/.pub-cache/hosted/pub.dev/shared_preferences-2.5.3/
[        ] Found plugin shared_preferences_windows at /Users/warren/.pub-cache/hosted/pub.dev/shared_preferences_windows-2.4.1/
[        ] Found plugin path_provider_windows at /Users/warren/.pub-cache/hosted/pub.dev/path_provider_windows-2.3.0/
[        ] Found plugin shared_preferences_web at /Users/warren/.pub-cache/hosted/pub.dev/shared_preferences_web-2.4.3/
[        ] Found plugin shared_preferences_linux at /Users/warren/.pub-cache/hosted/pub.dev/shared_preferences_linux-2.4.1/
[        ] Found plugin path_provider_linux at /Users/warren/.pub-cache/hosted/pub.dev/path_provider_linux-2.2.1/
[        ] Found plugin shared_preferences_foundation at /Users/warren/.pub-cache/hosted/pub.dev/shared_preferences_foundation-2.5.5/
[        ] Found plugin shared_preferences_android at /Users/warren/.pub-cache/hosted/pub.dev/shared_preferences_android-2.4.15/
[        ] Found plugin image_picker at /Users/warren/.pub-cache/hosted/pub.dev/image_picker-1.2.0/
[        ] Found plugin image_picker_windows at /Users/warren/.pub-cache/hosted/pub.dev/image_picker_windows-0.2.2/
[        ] Found plugin file_selector_windows at /Users/warren/.pub-cache/hosted/pub.dev/file_selector_windows-0.9.3+4/
[        ] Found plugin image_picker_macos at /Users/warren/.pub-cache/hosted/pub.dev/image_picker_macos-0.2.2+1/
[        ] Found plugin file_selector_macos at /Users/warren/.pub-cache/hosted/pub.dev/file_selector_macos-0.9.4+5/
[        ] Found plugin image_picker_linux at /Users/warren/.pub-cache/hosted/pub.dev/image_picker_linux-0.2.2/
[        ] Found plugin file_selector_linux at /Users/warren/.pub-cache/hosted/pub.dev/file_selector_linux-0.9.3+2/
[        ] Found plugin image_picker_ios at /Users/warren/.pub-cache/hosted/pub.dev/image_picker_ios-0.8.13+1/
[        ] Found plugin image_picker_for_web at /Users/warren/.pub-cache/hosted/pub.dev/image_picker_for_web-3.1.0/
[        ] Found plugin image_picker_android at /Users/warren/.pub-cache/hosted/pub.dev/image_picker_android-0.8.13+5/
[        ] Found plugin flutter_plugin_android_lifecycle at /Users/warren/.pub-cache/hosted/pub.dev/flutter_plugin_android_lifecycle-2.0.32/
[        ] Found plugin image_cropper at /Users/warren/.pub-cache/hosted/pub.dev/image_cropper-9.1.0/
[        ] Found plugin image_cropper_for_web at /Users/warren/.pub-cache/hosted/pub.dev/image_cropper_for_web-6.1.0/
[        ] Found plugin file_picker at /Users/warren/.pub-cache/hosted/pub.dev/file_picker-10.3.3/
[   +1 ms] Found plugin sqflite at /Users/warren/.pub-cache/hosted/pub.dev/sqflite-2.4.2/
[   +1 ms] Found plugin sqflite_darwin at /Users/warren/.pub-cache/hosted/pub.dev/sqflite_darwin-2.4.2/
[        ] Found plugin sqflite_android at /Users/warren/.pub-cache/hosted/pub.dev/sqflite_android-2.4.2+2/
[        ] Found plugin path_provider at /Users/warren/.pub-cache/hosted/pub.dev/path_provider-2.1.5/
[        ] Found plugin path_provider_foundation at /Users/warren/.pub-cache/hosted/pub.dev/path_provider_foundation-2.4.3/
[        ] Found plugin path_provider_android at /Users/warren/.pub-cache/hosted/pub.dev/path_provider_android-2.2.20/
[        ] Found plugin google_sign_in at /Users/warren/.pub-cache/hosted/pub.dev/google_sign_in-6.3.0/
[        ] Found plugin google_sign_in_web at /Users/warren/.pub-cache/hosted/pub.dev/google_sign_in_web-0.12.4+4/
[        ] Found plugin google_sign_in_ios at /Users/warren/.pub-cache/hosted/pub.dev/google_sign_in_ios-5.9.0/
[        ] Found plugin google_sign_in_android at /Users/warren/.pub-cache/hosted/pub.dev/google_sign_in_android-6.2.1/
[   +8 ms] Skipping generating web_plugin_registrant.dart because it is up-to-date.
[  +23 ms] Found plugin connectivity_plus at /Users/warren/.pub-cache/hosted/pub.dev/connectivity_plus-6.1.5/
[   +2 ms] Found plugin shared_preferences at /Users/warren/.pub-cache/hosted/pub.dev/shared_preferences-2.5.3/
[        ] Found plugin shared_preferences_windows at /Users/warren/.pub-cache/hosted/pub.dev/shared_preferences_windows-2.4.1/
[        ] Found plugin path_provider_windows at /Users/warren/.pub-cache/hosted/pub.dev/path_provider_windows-2.3.0/
[        ] Found plugin shared_preferences_web at /Users/warren/.pub-cache/hosted/pub.dev/shared_preferences_web-2.4.3/
[        ] Found plugin shared_preferences_linux at /Users/warren/.pub-cache/hosted/pub.dev/shared_preferences_linux-2.4.1/
[        ] Found plugin path_provider_linux at /Users/warren/.pub-cache/hosted/pub.dev/path_provider_linux-2.2.1/
[        ] Found plugin shared_preferences_foundation at /Users/warren/.pub-cache/hosted/pub.dev/shared_preferences_foundation-2.5.5/
[        ] Found plugin shared_preferences_android at /Users/warren/.pub-cache/hosted/pub.dev/shared_preferences_android-2.4.15/
[        ] Found plugin image_picker at /Users/warren/.pub-cache/hosted/pub.dev/image_picker-1.2.0/
[        ] Found plugin image_picker_windows at /Users/warren/.pub-cache/hosted/pub.dev/image_picker_windows-0.2.2/
[        ] Found plugin file_selector_windows at /Users/warren/.pub-cache/hosted/pub.dev/file_selector_windows-0.9.3+4/
[        ] Found plugin image_picker_macos at /Users/warren/.pub-cache/hosted/pub.dev/image_picker_macos-0.2.2+1/
[        ] Found plugin file_selector_macos at /Users/warren/.pub-cache/hosted/pub.dev/file_selector_macos-0.9.4+5/
[        ] Found plugin image_picker_linux at /Users/warren/.pub-cache/hosted/pub.dev/image_picker_linux-0.2.2/
[        ] Found plugin file_selector_linux at /Users/warren/.pub-cache/hosted/pub.dev/file_selector_linux-0.9.3+2/
[        ] Found plugin image_picker_ios at /Users/warren/.pub-cache/hosted/pub.dev/image_picker_ios-0.8.13+1/
[        ] Found plugin image_picker_for_web at /Users/warren/.pub-cache/hosted/pub.dev/image_picker_for_web-3.1.0/
[        ] Found plugin image_picker_android at /Users/warren/.pub-cache/hosted/pub.dev/image_picker_android-0.8.13+5/
[        ] Found plugin flutter_plugin_android_lifecycle at /Users/warren/.pub-cache/hosted/pub.dev/flutter_plugin_android_lifecycle-2.0.32/
[        ] Found plugin image_cropper at /Users/warren/.pub-cache/hosted/pub.dev/image_cropper-9.1.0/
[        ] Found plugin image_cropper_for_web at /Users/warren/.pub-cache/hosted/pub.dev/image_cropper_for_web-6.1.0/
[        ] Found plugin file_picker at /Users/warren/.pub-cache/hosted/pub.dev/file_picker-10.3.3/
[   +1 ms] Found plugin sqflite at /Users/warren/.pub-cache/hosted/pub.dev/sqflite-2.4.2/
[        ] Found plugin sqflite_darwin at /Users/warren/.pub-cache/hosted/pub.dev/sqflite_darwin-2.4.2/
[        ] Found plugin sqflite_android at /Users/warren/.pub-cache/hosted/pub.dev/sqflite_android-2.4.2+2/
[        ] Found plugin path_provider at /Users/warren/.pub-cache/hosted/pub.dev/path_provider-2.1.5/
[        ] Found plugin path_provider_foundation at /Users/warren/.pub-cache/hosted/pub.dev/path_provider_foundation-2.4.3/
[        ] Found plugin path_provider_android at /Users/warren/.pub-cache/hosted/pub.dev/path_provider_android-2.2.20/
[        ] Found plugin google_sign_in at /Users/warren/.pub-cache/hosted/pub.dev/google_sign_in-6.3.0/
[        ] Found plugin google_sign_in_web at /Users/warren/.pub-cache/hosted/pub.dev/google_sign_in_web-0.12.4+4/
[        ] Found plugin google_sign_in_ios at /Users/warren/.pub-cache/hosted/pub.dev/google_sign_in_ios-5.9.0/
[        ] Found plugin google_sign_in_android at /Users/warren/.pub-cache/hosted/pub.dev/google_sign_in_android-6.2.1/
[   +3 ms] Generating /Users/warren/src/dart/alpine_pod/alpine_pod_flutter/android/app/src/main/java/io/flutter/plugins/GeneratedPluginRegistrant.java
[        ] Skipping generating GeneratedPluginRegistrant.java because it is up-to-date.
[   +2 ms] Skipping generating generated_plugin_registrant.h because it is up-to-date.
[        ] Skipping generating generated_plugin_registrant.cc because it is up-to-date.
[        ] Skipping generating generated_plugins.cmake because it is up-to-date.
[        ] Skipping generating generated_plugin_registrant.h because it is up-to-date.
[        ] Skipping generating generated_plugin_registrant.cc because it is up-to-date.
[        ] Skipping generating generated_plugins.cmake because it is up-to-date.
[   +1 ms] Skipping generating GeneratedPluginRegistrant.h because it is up-to-date.
[        ] Skipping generating GeneratedPluginRegistrant.m because it is up-to-date.
[        ] Skipping generating GeneratedPluginRegistrant.swift because it is up-to-date.
[   +6 ms] executing: sysctl hw.optional.arm64
[   +3 ms] Exit code 0 from: sysctl hw.optional.arm64
[        ] hw.optional.arm64: 1
[        ] executing: /usr/bin/arch -arm64e xcrun xcodebuild -version
[  +82 ms] Exit code 0 from: /usr/bin/arch -arm64e xcrun xcodebuild -version
[        ] Xcode 26.2
           Build version 17C52
[  +67 ms] executing: /usr/bin/plutil -convert xml1 -o - /Users/warren/src/dart/alpine_pod/alpine_pod_flutter/macos/Runner/Info.plist
[   +6 ms] Exit code 0 from: /usr/bin/plutil -convert xml1 -o - /Users/warren/src/dart/alpine_pod/alpine_pod_flutter/macos/Runner/Info.plist
[        ] <?xml version="1.0" encoding="UTF-8"?>
           <!DOCTYPE plist PUBLIC "-//Apple//DTD PLIST 1.0//EN" "http://www.apple.com/DTDs/PropertyList-1.0.dtd">
           <plist version="1.0">
           <dict>
           	<key>CFBundleDevelopmentRegion</key>
           	<string>$(DEVELOPMENT_LANGUAGE)</string>
           	<key>CFBundleExecutable</key>
           	<string>$(EXECUTABLE_NAME)</string>
           	<key>CFBundleIconFile</key>
           	<string></string>
           	<key>CFBundleIdentifier</key>
           	<string>$(PRODUCT_BUNDLE_IDENTIFIER)</string>
           	<key>CFBundleInfoDictionaryVersion</key>
           	<string>6.0</string>
           	<key>CFBundleName</key>
           	<string>$(PRODUCT_NAME)</string>
           	<key>CFBundlePackageType</key>
           	<string>APPL</string>
           	<key>CFBundleShortVersionString</key>
           	<string>$(FLUTTER_BUILD_NAME)</string>
           	<key>CFBundleURLTypes</key>
           	<array>
           		<dict>
           			<key>CFBundleTypeRole</key>
           			<string>Editor</string>
           			<key>CFBundleURLSchemes</key>
           			<array>
           				<string>com.googleusercontent.apps.465372895035-5p053c41aglk40jvjrki8d1qtq2c43g0</string>
           			</array>
           		</dict>
           	</array>
           	<key>CFBundleVersion</key>
           	<string>$(FLUTTER_BUILD_NUMBER)</string>
           	<key>GIDClientID</key>
           	<string>465372895035-5p053c41aglk40jvjrki8d1qtq2c43g0.apps.googleusercontent.com</string>
           	<key>LSMinimumSystemVersion</key>
           	<string>$(MACOSX_DEPLOYMENT_TARGET)</string>
           	<key>NSHumanReadableCopyright</key>
           	<string>$(PRODUCT_COPYRIGHT)</string>
           	<key>NSMainNibFile</key>
           	<string>MainMenu</string>
           	<key>NSPrincipalClass</key>
           	<string>NSApplication</string>
           </dict>
           </plist>
[  +24 ms] The Swift Package Manager feature is off. Skipping the migration that adds Swift Package Manager integration...
[        ] executing: [/Users/warren/src/dart/alpine_pod/alpine_pod_flutter/macos/] /usr/bin/arch -arm64e xcrun xcodebuild -list -project Runner.xcodeproj
[ +715 ms] Command line invocation:
               /Applications/Xcode.app/Contents/Developer/usr/bin/xcodebuild -list -project Runner.xcodeproj

           Information about project "Runner":
               Targets:
                   Runner
                   RunnerTests
                   Flutter Assemble

               Build Configurations:
                   Debug
                   Release
                   Profile

               If no build configuration is specified and -scheme is not passed then "Release" is used.

               Schemes:
                   Flutter Assemble
                   Runner
[   +1 ms] executing: [/Users/warren/src/dart/alpine_pod/alpine_pod_flutter/macos/] /usr/bin/arch -arm64e xcrun xcodebuild -list
[ +721 ms] Command line invocation:
               /Applications/Xcode.app/Contents/Developer/usr/bin/xcodebuild -list

           Information about project "Runner":
               Targets:
                   Runner
                   RunnerTests
                   Flutter Assemble

               Build Configurations:
                   Debug
                   Release
                   Profile

               If no build configuration is specified and -scheme is not passed then "Release" is used.

               Schemes:
                   Flutter Assemble
                   Runner
[   +2 ms] executing: [/Users/warren/src/dart/alpine_pod/alpine_pod_flutter/macos/Runner.xcodeproj/] /usr/bin/arch -arm64e xcrun xcodebuild -project /Users/warren/src/dart/alpine_pod/alpine_pod_flutter/macos/Runner.xcodeproj -scheme Runner -configuration Debug -destination generic/platform=macOS -showBuildSettings BUILD_DIR=/Users/warren/src/dart/alpine_pod/alpine_pod_flutter/build/macos
[        ] executing: [/Users/warren/src/dart/alpine_pod/alpine_pod_flutter/macos/Runner.xcodeproj/] /usr/bin/arch -arm64e xcrun xcodebuild -project /Users/warren/src/dart/alpine_pod/alpine_pod_flutter/macos/Runner.xcodeproj -scheme Runner -configuration Debug -destination generic/platform=macOS -showBuildSettings BUILD_DIR=/Users/warren/src/dart/alpine_pod/alpine_pod_flutter/build/macos
[ +953 ms] Command line invocation:
               /Applications/Xcode.app/Contents/Developer/usr/bin/xcodebuild -project /Users/warren/src/dart/alpine_pod/alpine_pod_flutter/macos/Runner.xcodeproj -scheme Runner -configuration Debug -destination generic/platform=macOS -showBuildSettings BUILD_DIR=/Users/warren/src/dart/alpine_pod/alpine_pod_flutter/build/macos

           Build settings from command line:
               BUILD_DIR = /Users/warren/src/dart/alpine_pod/alpine_pod_flutter/build/macos

           Build settings for action build and target Runner:
               ACTION = build
               AD_HOC_CODE_SIGNING_ALLOWED = YES
               AGGREGATE_TRACKED_DOMAINS = YES
               ALLOW_BUILD_REQUEST_OVERRIDES = NO
               ALLOW_TARGET_PLATFORM_SPECIALIZATION = NO
               ALTERNATE_GROUP = staff
               ALTERNATE_MODE = u+w,go-w,a+rX
               ALTERNATE_OWNER = warren
               ALTERNATIVE_DISTRIBUTION_WEB = NO
               ALWAYS_EMBED_SWIFT_STANDARD_LIBRARIES = YES
               ALWAYS_SEARCH_USER_PATHS = NO
               ALWAYS_USE_SEPARATE_HEADERMAPS = NO
               ANDROID_DEPLOYMENT_TARGET = 21.0
               APPLICATION_EXTENSION_API_ONLY = NO
               APPLY_RULES_IN_COPY_FILES = NO
               APPLY_RULES_IN_COPY_HEADERS = NO
               APP_SHORTCUTS_ENABLE_FLEXIBLE_MATCHING = YES
               ARCHS = arm64 x86_64
               ARCHS_STANDARD = arm64 x86_64
               ARCHS_STANDARD_32_64_BIT = arm64 x86_64 i386
               ARCHS_STANDARD_32_BIT = i386
               ARCHS_STANDARD_64_BIT = arm64 x86_64
               ARCHS_STANDARD_INCLUDING_64_BIT = arm64 x86_64
               ASSETCATALOG_COMPILER_APPICON_NAME = AppIcon
               ASSETCATALOG_COMPILER_GENERATE_SWIFT_ASSET_SYMBOL_EXTENSIONS = YES
               AUTOMATICALLY_MERGE_DEPENDENCIES = NO
               AUTOMATION_APPLE_EVENTS = NO
               AVAILABLE_PLATFORMS = android appletvos appletvsimulator driverkit iphoneos iphonesimulator macosx qnx watchos watchsimulator webassembly xros xrsimulator
               BUILD_ACTIVE_RESOURCES_ONLY = NO
               BUILD_COMPONENTS = headers build
               BUILD_DIR = /Users/warren/src/dart/alpine_pod/alpine_pod_flutter/build/macos
               BUILD_LIBRARY_FOR_DISTRIBUTION = NO
               BUILD_ROOT = /Users/warren/Library/Developer/Xcode/DerivedData/Runner-alldihhsxycoprfnmvxjgemjeyqj/Build/Products
               BUILD_STYLE = 
               BUILD_VARIANTS = normal
               BUILT_PRODUCTS_DIR = /Users/warren/src/dart/alpine_pod/alpine_pod_flutter/build/macos/Debug
               BUNDLE_CONTENTS_FOLDER_PATH = Contents/
               BUNDLE_CONTENTS_FOLDER_PATH_deep = Contents/
               BUNDLE_EXECUTABLE_FOLDER_NAME_deep = MacOS
               BUNDLE_EXECUTABLE_FOLDER_PATH = Contents/MacOS
               BUNDLE_EXTENSIONS_FOLDER_PATH = Contents/Extensions
               BUNDLE_FORMAT = deep
               BUNDLE_FRAMEWORKS_FOLDER_PATH = Contents/Frameworks
               BUNDLE_PLUGINS_FOLDER_PATH = Contents/PlugIns
               BUNDLE_PRIVATE_HEADERS_FOLDER_PATH = Contents/PrivateHeaders
               BUNDLE_PUBLIC_HEADERS_FOLDER_PATH = Contents/Headers
               CACHE_ROOT = /var/folders/81/24r40n792zdbxz9g0sghc19w0000gn/C/com.apple.DeveloperTools/26.2-17C52/Xcode
               CCHROOT = /var/folders/81/24r40n792zdbxz9g0sghc19w0000gn/C/com.apple.DeveloperTools/26.2-17C52/Xcode
               CHMOD = /bin/chmod
               CHOWN = /usr/sbin/chown
               CLANG_ANALYZER_NONNULL = YES
               CLANG_ANALYZER_NUMBER_OBJECT_CONVERSION = YES_AGGRESSIVE
               CLANG_CACHE_FINE_GRAINED_OUTPUTS = YES
               CLANG_CXX_LANGUAGE_STANDARD = gnu++14
               CLANG_CXX_LIBRARY = libc++
               CLANG_ENABLE_EXPLICIT_MODULES = YES
               CLANG_ENABLE_MODULES = YES
               CLANG_ENABLE_OBJC_ARC = YES
               CLANG_MODULES_BUILD_SESSION_FILE = /Users/warren/Library/Developer/Xcode/DerivedData/ModuleCache.noindex/Session.modulevalidation
               CLANG_UNDEFINED_BEHAVIOR_SANITIZER_NULLABILITY = YES
               CLANG_WARN_BLOCK_CAPTURE_AUTORELEASING = YES
               CLANG_WARN_BOOL_CONVERSION = YES
               CLANG_WARN_COMMA = YES
               CLANG_WARN_CONSTANT_CONVERSION = YES
               CLANG_WARN_DEPRECATED_OBJC_IMPLEMENTATIONS = YES
               CLANG_WARN_DIRECT_OBJC_ISA_USAGE = YES_ERROR
               CLANG_WARN_DOCUMENTATION_COMMENTS = YES
               CLANG_WARN_EMPTY_BODY = YES
               CLANG_WARN_ENUM_CONVERSION = YES
               CLANG_WARN_INFINITE_RECURSION = YES
               CLANG_WARN_INT_CONVERSION = YES
               CLANG_WARN_NON_LITERAL_NULL_CONVERSION = YES
               CLANG_WARN_OBJC_IMPLICIT_RETAIN_SELF = YES
               CLANG_WARN_OBJC_LITERAL_CONVERSION = YES
               CLANG_WARN_OBJC_REPEATED_USE_OF_WEAK = YES
               CLANG_WARN_OBJC_ROOT_CLASS = YES_ERROR
               CLANG_WARN_PRAGMA_PACK = YES
               CLANG_WARN_QUOTED_INCLUDE_IN_FRAMEWORK_HEADER = NO
               CLANG_WARN_RANGE_LOOP_ANALYSIS = YES
               CLANG_WARN_STRICT_PROTOTYPES = YES
               CLANG_WARN_SUSPICIOUS_MOVE = YES
               CLANG_WARN_UNGUARDED_AVAILABILITY = YES_AGGRESSIVE
               CLANG_WARN_UNREACHABLE_CODE = YES
               CLANG_WARN__DUPLICATE_METHOD_MATCH = YES
               CLASS_FILE_DIR = /Users/warren/Library/Developer/Xcode/DerivedData/Runner-alldihhsxycoprfnmvxjgemjeyqj/Build/Intermediates.noindex/Runner.build/Debug/Runner.build/JavaClasses
               CLEAN_PRECOMPS = YES
               CLONE_HEADERS = NO
               COCOAPODS_PARALLEL_CODE_SIGN = true
               CODESIGNING_FOLDER_PATH = /Users/warren/src/dart/alpine_pod/alpine_pod_flutter/build/macos/Debug/alpine_pod_flutter.app
               CODE_SIGNING_ALLOWED = YES
               CODE_SIGNING_REQUIRED = YES
               CODE_SIGN_ENTITLEMENTS = Runner/DebugProfile.entitlements
               CODE_SIGN_IDENTITY = Apple Development
               CODE_SIGN_IDENTITY_NO = Apple Development
               CODE_SIGN_IDENTITY_YES = -
               CODE_SIGN_INJECT_BASE_ENTITLEMENTS = YES
               CODE_SIGN_STYLE = Automatic
               COLOR_DIAGNOSTICS = NO
               COMBINE_HIDPI_IMAGES = YES
               COMPILATION_CACHE_CAS_PATH = /Users/warren/Library/Developer/Xcode/DerivedData/CompilationCache.noindex
               COMPILATION_CACHE_KEEP_CAS_DIRECTORY = YES
               COMPILER_INDEX_STORE_ENABLE = Default
               COMPOSITE_SDK_DIRS = /Users/warren/Library/Developer/Xcode/DerivedData/Runner-alldihhsxycoprfnmvxjgemjeyqj/Build/Intermediates.noindex/CompositeSDKs
               COMPRESS_PNG_FILES = NO
               CONFIGURATION = Debug
               CONFIGURATION_BUILD_DIR = /Users/warren/src/dart/alpine_pod/alpine_pod_flutter/build/macos/Debug
               CONFIGURATION_TEMP_DIR = /Users/warren/Library/Developer/Xcode/DerivedData/Runner-alldihhsxycoprfnmvxjgemjeyqj/Build/Intermediates.noindex/Runner.build/Debug
               CONTENTS_FOLDER_PATH = alpine_pod_flutter.app/Contents
               CONTENTS_FOLDER_PATH_SHALLOW_BUNDLE_NO = alpine_pod_flutter.app/Contents
               CONTENTS_FOLDER_PATH_SHALLOW_BUNDLE_YES = alpine_pod_flutter.app
               COPYING_PRESERVES_HFS_DATA = NO
               COPY_HEADERS_RUN_UNIFDEF = NO
               COPY_PHASE_STRIP = NO
               CP = /bin/cp
               CREATE_INFOPLIST_SECTION_IN_BINARY = NO
               CURRENT_ARCH = undefined_arch
               CURRENT_VARIANT = normal
               DART_DEFINES = RkxVVFRFUl9WRVJTSU9OPTMuMzguMC0wLjIucHJl,RkxVVFRFUl9DSEFOTkVMPWJldGE=,RkxVVFRFUl9HSVRfVVJMPWh0dHBzOi8vZ2l0aHViLmNvbS9mbHV0dGVyL2ZsdXR0ZXIuZ2l0,RkxVVFRFUl9GUkFNRVdPUktfUkVWSVNJT049ZjE2YjRmZjg5Mg==,RkxVVFRFUl9FTkdJTkVfUkVWSVNJT049ZDdlYzdlODA2NA==,RkxVVFRFUl9EQVJUX1ZFUlNJT049My4xMC4wIChidWlsZCAzLjEwLjAtMjkwLjEuYmV0YSk=
               DART_OBFUSCATION = false
               DEAD_CODE_STRIPPING = YES
               DEBUGGING_SYMBOLS = YES
               DEBUG_INFORMATION_FORMAT = dwarf
               DEBUG_INFORMATION_VERSION = compiler-default
               DEFAULT_COMPILER = com.apple.compilers.llvm.clang.1_0
               DEFAULT_DEXT_INSTALL_PATH = /System/Library/DriverExtensions
               DEFAULT_KEXT_INSTALL_PATH = /System/Library/Extensions
               DEFINES_MODULE = NO
               DEPLOYMENT_LOCATION = NO
               DEPLOYMENT_POSTPROCESSING = NO
               DEPLOYMENT_TARGET_SETTING_NAME = MACOSX_DEPLOYMENT_TARGET
               DEPLOYMENT_TARGET_SUGGESTED_VALUES = 10.13 10.14 10.15 11.0 11.1 11.2 11.3 11.4 11.5 12.0 12.2 12.3 12.4 13.0 13.1 13.2 13.3 13.4 13.5 14.0 14.1 14.2 14.3 14.4 14.5 14.6 15.0 15.1 15.2 15.3 15.4 15.5 15.6 26.0 26.1 26.2
               DERIVED_FILES_DIR = /Users/warren/Library/Developer/Xcode/DerivedData/Runner-alldihhsxycoprfnmvxjgemjeyqj/Build/Intermediates.noindex/Runner.build/Debug/Runner.build/DerivedSources
               DERIVED_FILE_DIR = /Users/warren/Library/Developer/Xcode/DerivedData/Runner-alldihhsxycoprfnmvxjgemjeyqj/Build/Intermediates.noindex/Runner.build/Debug/Runner.build/DerivedSources
               DERIVED_SOURCES_DIR = /Users/warren/Library/Developer/Xcode/DerivedData/Runner-alldihhsxycoprfnmvxjgemjeyqj/Build/Intermediates.noindex/Runner.build/Debug/Runner.build/DerivedSources
               DEVELOPER_APPLICATIONS_DIR = /Applications/Xcode.app/Contents/Developer/Applications
               DEVELOPER_BIN_DIR = /Applications/Xcode.app/Contents/Developer/usr/bin
               DEVELOPER_DIR = /Applications/Xcode.app/Contents/Developer
               DEVELOPER_FRAMEWORKS_DIR = /Applications/Xcode.app/Contents/Developer/Library/Frameworks
               DEVELOPER_FRAMEWORKS_DIR_QUOTED = /Applications/Xcode.app/Contents/Developer/Library/Frameworks
               DEVELOPER_LIBRARY_DIR = /Applications/Xcode.app/Contents/Developer/Library
               DEVELOPER_SDK_DIR = /Applications/Xcode.app/Contents/Developer/Platforms/MacOSX.platform/Developer/SDKs
               DEVELOPER_TOOLS_DIR = /Applications/Xcode.app/Contents/Developer/Tools
               DEVELOPER_USR_DIR = /Applications/Xcode.app/Contents/Developer/usr
               DEVELOPMENT_LANGUAGE = en
               DEVELOPMENT_TEAM = 54FHW2ZGD3
               DIAGNOSE_MISSING_TARGET_DEPENDENCIES = YES
               DIFF = /usr/bin/diff
               DOCUMENTATION_FOLDER_PATH = alpine_pod_flutter.app/Contents/Resources/en.lproj/Documentation
               DONT_GENERATE_INFOPLIST_FILE = NO
               DRIVERKIT_DEPLOYMENT_TARGET = 25.2
               DSTROOT = /tmp/Runner.dst
               DT_TOOLCHAIN_DIR = /Applications/Xcode.app/Contents/Developer/Toolchains/XcodeDefault.xctoolchain
               DWARF_DSYM_FILE_NAME = alpine_pod_flutter.app.dSYM
               DWARF_DSYM_FILE_SHOULD_ACCOMPANY_PRODUCT = NO
               DWARF_DSYM_FOLDER_PATH = /Users/warren/src/dart/alpine_pod/alpine_pod_flutter/build/macos/Debug
               DYNAMIC_LIBRARY_EXTENSION = dylib
               EAGER_COMPILATION_ALLOW_SCRIPTS = NO
               EAGER_LINKING = NO
               EMBEDDED_CONTENT_CONTAINS_SWIFT = NO
               EMBEDDED_PROFILE_NAME = embedded.provisionprofile
               EMBED_ASSET_PACKS_IN_PRODUCT_BUNDLE = NO
               ENABLE_APP_SANDBOX = NO
               ENABLE_CODE_COVERAGE = YES
               ENABLE_CPLUSPLUS_BOUNDS_SAFE_BUFFERS = NO
               ENABLE_C_BOUNDS_SAFETY = NO
               ENABLE_DEBUG_DYLIB = YES
               ENABLE_DEFAULT_HEADER_SEARCH_PATHS = YES
               ENABLE_DEFAULT_SEARCH_PATHS = YES
               ENABLE_ENHANCED_SECURITY = NO
               ENABLE_HARDENED_RUNTIME = NO
               ENABLE_HEADER_DEPENDENCIES = YES
               ENABLE_INCOMING_NETWORK_CONNECTIONS = NO
               ENABLE_ON_DEMAND_RESOURCES = NO
               ENABLE_OUTGOING_NETWORK_CONNECTIONS = NO
               ENABLE_POINTER_AUTHENTICATION = NO
               ENABLE_RESOURCE_ACCESS_AUDIO_INPUT = NO
               ENABLE_RESOURCE_ACCESS_BLUETOOTH = NO
               ENABLE_RESOURCE_ACCESS_CALENDARS = NO
               ENABLE_RESOURCE_ACCESS_CAMERA = NO
               ENABLE_RESOURCE_ACCESS_CONTACTS = NO
               ENABLE_RESOURCE_ACCESS_LOCATION = NO
               ENABLE_RESOURCE_ACCESS_PHOTO_LIBRARY = NO
               ENABLE_RESOURCE_ACCESS_PRINTING = NO
               ENABLE_RESOURCE_ACCESS_USB = NO
               ENABLE_SDK_IMPORTS = NO
               ENABLE_SECURITY_COMPILER_WARNINGS = NO
               ENABLE_STRICT_OBJC_MSGSEND = YES
               ENABLE_TESTABILITY = YES
               ENABLE_TESTING_SEARCH_PATHS = NO
               ENABLE_USER_SCRIPT_SANDBOXING = NO
               ENFORCE_VALID_ARCHS = YES
               ENTITLEMENTS_ALLOWED = YES
               ENTITLEMENTS_DESTINATION = Signature
               ENTITLEMENTS_REQUIRED = NO
               EXCLUDED_INSTALLSRC_SUBDIRECTORY_PATTERNS = .DS_Store .svn .git .hg CVS
               EXCLUDED_RECURSIVE_SEARCH_PATH_SUBDIRECTORIES = *.nib *.lproj *.framework *.gch *.xcode* *.xcassets *.icon (*) .DS_Store CVS .svn .git .hg *.pbproj *.pbxproj
               EXECUTABLES_FOLDER_PATH = alpine_pod_flutter.app/Contents/Executables
               EXECUTABLE_FOLDER_PATH = alpine_pod_flutter.app/Contents/MacOS
               EXECUTABLE_FOLDER_PATH_SHALLOW_BUNDLE_NO = alpine_pod_flutter.app/Contents/MacOS
               EXECUTABLE_FOLDER_PATH_SHALLOW_BUNDLE_YES = alpine_pod_flutter.app/Contents
               EXECUTABLE_NAME = alpine_pod_flutter
               EXECUTABLE_PATH = alpine_pod_flutter.app/Contents/MacOS/alpine_pod_flutter
               EXTENSIONS_FOLDER_PATH = alpine_pod_flutter.app/Contents/Extensions
               FILE_LIST = /Users/warren/Library/Developer/Xcode/DerivedData/Runner-alldihhsxycoprfnmvxjgemjeyqj/Build/Intermediates.noindex/Runner.build/Debug/Runner.build/Objects/LinkFileList
               FIXED_FILES_DIR = /Users/warren/Library/Developer/Xcode/DerivedData/Runner-alldihhsxycoprfnmvxjgemjeyqj/Build/Intermediates.noindex/Runner.build/Debug/Runner.build/FixedFiles
               FLUTTER_APPLICATION_PATH = /Users/warren/src/dart/alpine_pod/alpine_pod_flutter
               FLUTTER_BUILD_DIR = build
               FLUTTER_BUILD_NAME = 1.0.0
               FLUTTER_BUILD_NUMBER = 1
               FLUTTER_ROOT = /Users/warren/dev/flutter
               FLUTTER_TARGET = lib/main.dart
               FRAMEWORKS_FOLDER_PATH = alpine_pod_flutter.app/Contents/Frameworks
               FRAMEWORK_FLAG_PREFIX = -framework
               FRAMEWORK_SEARCH_PATHS = /Users/warren/src/dart/alpine_pod/alpine_pod_flutter/build/macos/Debug  "/Users/warren/src/dart/alpine_pod/alpine_pod_flutter/build/macos/Debug/AppAuth" "/Users/warren/src/dart/alpine_pod/alpine_pod_flutter/build/macos/Debug/AppCheckCore" "/Users/warren/src/dart/alpine_pod/alpine_pod_flutter/build/macos/Debug/GTMAppAuth" "/Users/warren/src/dart/alpine_pod/alpine_pod_flutter/build/macos/Debug/GTMSessionFetcher" "/Users/warren/src/dart/alpine_pod/alpine_pod_flutter/build/macos/Debug/GoogleSignIn" "/Users/warren/src/dart/alpine_pod/alpine_pod_flutter/build/macos/Debug/GoogleUtilities" "/Users/warren/src/dart/alpine_pod/alpine_pod_flutter/build/macos/Debug/PromisesObjC" "/Users/warren/src/dart/alpine_pod/alpine_pod_flutter/build/macos/Debug/connectivity_plus" "/Users/warren/src/dart/alpine_pod/alpine_pod_flutter/build/macos/Debug/file_picker" "/Users/warren/src/dart/alpine_pod/alpine_pod_flutter/build/macos/Debug/file_selector_macos" "/Users/warren/src/dart/alpine_pod/alpine_pod_flutter/build/macos/Debug/google_sign_in_ios" "/Users/warren/src/dart/alpine_pod/alpine_pod_flutter/build/macos/Debug/path_provider_foundation" "/Users/warren/src/dart/alpine_pod/alpine_pod_flutter/build/macos/Debug/shared_preferences_foundation" "/Users/warren/src/dart/alpine_pod/alpine_pod_flutter/build/macos/Debug/sqflite_darwin"
               FRAMEWORK_VERSION = A
               FULL_PRODUCT_NAME = alpine_pod_flutter.app
               FUSE_BUILD_PHASES = YES
               FUSE_BUILD_SCRIPT_PHASES = NO
               GCC3_VERSION = 3.3
               GCC_C_LANGUAGE_STANDARD = gnu11
               GCC_DYNAMIC_NO_PIC = NO
               GCC_INLINES_ARE_PRIVATE_EXTERN = YES
               GCC_NO_COMMON_BLOCKS = YES
               GCC_OPTIMIZATION_LEVEL = 0
               GCC_PFE_FILE_C_DIALECTS = c objective-c c++ objective-c++
               GCC_PREPROCESSOR_DEFINITIONS = DEBUG=1  COCOAPODS=1
               GCC_SYMBOLS_PRIVATE_EXTERN = NO
               GCC_TREAT_WARNINGS_AS_ERRORS = NO
               GCC_VERSION = com.apple.compilers.llvm.clang.1_0
               GCC_VERSION_IDENTIFIER = com_apple_compilers_llvm_clang_1_0
               GCC_WARN_64_TO_32_BIT_CONVERSION = YES
               GCC_WARN_ABOUT_RETURN_TYPE = YES_ERROR
               GCC_WARN_SHADOW = YES
               GCC_WARN_STRICT_SELECTOR_MATCH = YES
               GCC_WARN_UNDECLARED_SELECTOR = YES
               GCC_WARN_UNINITIALIZED_AUTOS = YES_AGGRESSIVE
               GCC_WARN_UNUSED_FUNCTION = YES
               GCC_WARN_UNUSED_VARIABLE = YES
               GENERATED_MODULEMAP_DIR = /Users/warren/Library/Developer/Xcode/DerivedData/Runner-alldihhsxycoprfnmvxjgemjeyqj/Build/Intermediates.noindex/GeneratedModuleMaps
               GENERATE_INFOPLIST_FILE = NO
               GENERATE_INTERMEDIATE_TEXT_BASED_STUBS = YES
               GENERATE_PKGINFO_FILE = YES
               GENERATE_PRELINK_OBJECT_FILE = NO
               GENERATE_PROFILING_CODE = NO
               GENERATE_TEXT_BASED_STUBS = NO
               GID = 20
               GROUP = staff
               HEADERMAP_INCLUDES_FLAT_ENTRIES_FOR_TARGET_BEING_BUILT = YES
               HEADERMAP_INCLUDES_FRAMEWORK_ENTRIES_FOR_ALL_PRODUCT_TYPES = YES
               HEADERMAP_INCLUDES_FRAMEWORK_ENTRIES_FOR_TARGETS_NOT_BEING_BUILT = YES
               HEADERMAP_INCLUDES_NONPUBLIC_NONPRIVATE_HEADERS = YES
               HEADERMAP_INCLUDES_PROJECT_HEADERS = YES
               HEADERMAP_USES_FRAMEWORK_PREFIX_ENTRIES = YES
               HEADERMAP_USES_VFS = NO
               HEADER_SEARCH_PATHS = /Users/warren/src/dart/alpine_pod/alpine_pod_flutter/build/macos/Debug/include  "/Users/warren/src/dart/alpine_pod/alpine_pod_flutter/build/macos/Debug/AppAuth/AppAuth.framework/Headers" "/Users/warren/src/dart/alpine_pod/alpine_pod_flutter/build/macos/Debug/AppCheckCore/AppCheckCore.framework/Headers" "/Users/warren/src/dart/alpine_pod/alpine_pod_flutter/build/macos/Debug/GTMAppAuth/GTMAppAuth.framework/Headers" "/Users/warren/src/dart/alpine_pod/alpine_pod_flutter/build/macos/Debug/GTMSessionFetcher/GTMSessionFetcher.framework/Headers" "/Users/warren/src/dart/alpine_pod/alpine_pod_flutter/build/macos/Debug/GoogleSignIn/GoogleSignIn.framework/Headers" "/Users/warren/src/dart/alpine_pod/alpine_pod_flutter/build/macos/Debug/GoogleUtilities/GoogleUtilities.framework/Headers" "/Users/warren/src/dart/alpine_pod/alpine_pod_flutter/build/macos/Debug/PromisesObjC/FBLPromises.framework/Headers" "/Users/warren/src/dart/alpine_pod/alpine_pod_flutter/build/macos/Debug/connectivity_plus/connectivity_plus.framework/Headers" "/Users/warren/src/dart/alpine_pod/alpine_pod_flutter/build/macos/Debug/file_picker/file_picker.framework/Headers" "/Users/warren/src/dart/alpine_pod/alpine_pod_flutter/build/macos/Debug/file_selector_macos/file_selector_macos.framework/Headers" "/Users/warren/src/dart/alpine_pod/alpine_pod_flutter/build/macos/Debug/google_sign_in_ios/google_sign_in_ios.framework/Headers" "/Users/warren/src/dart/alpine_pod/alpine_pod_flutter/build/macos/Debug/path_provider_foundation/path_provider_foundation.framework/Headers" "/Users/warren/src/dart/alpine_pod/alpine_pod_flutter/build/macos/Debug/shared_preferences_foundation/shared_preferences_foundation.framework/Headers" "/Users/warren/src/dart/alpine_pod/alpine_pod_flutter/build/macos/Debug/sqflite_darwin/sqflite_darwin.framework/Headers"
               HOME = /Users/warren
               HOST_ARCH = arm64
               HOST_PLATFORM = macosx
               ICONV = /usr/bin/iconv
               IMPLICIT_DEPENDENCY_DOMAIN = default
               INFOPLIST_ENABLE_CFBUNDLEICONS_MERGE = YES
               INFOPLIST_EXPAND_BUILD_SETTINGS = YES
               INFOPLIST_FILE = Runner/Info.plist
               INFOPLIST_OUTPUT_FORMAT = same-as-input
               INFOPLIST_PATH = alpine_pod_flutter.app/Contents/Info.plist
               INFOPLIST_PREPROCESS = NO
               INFOSTRINGS_PATH = alpine_pod_flutter.app/Contents/Resources/en.lproj/InfoPlist.strings
               INLINE_PRIVATE_FRAMEWORKS = NO
               INSTALLAPI_IGNORE_SKIP_INSTALL = YES
               INSTALLHDRS_COPY_PHASE = NO
               INSTALLHDRS_SCRIPT_PHASE = NO
               INSTALL_DIR = /tmp/Runner.dst/Applications
               INSTALL_GROUP = staff
               INSTALL_MODE_FLAG = u+w,go-w,a+rX
               INSTALL_OWNER = warren
               INSTALL_PATH = /Applications
               INSTALL_ROOT = /tmp/Runner.dst
               IOS_UNZIPPERED_TWIN_PREFIX_PATH = /System/iOSSupport
               IPHONEOS_DEPLOYMENT_TARGET = 26.2
               IS_MACCATALYST = NO
               IS_UNOPTIMIZED_BUILD = YES
               JAVAC_DEFAULT_FLAGS = -J-Xms64m -J-XX:NewSize=4M -J-Dfile.encoding=UTF8
               JAVA_APP_STUB = /System/Library/Frameworks/JavaVM.framework/Resources/MacOS/JavaApplicationStub
               JAVA_ARCHIVE_CLASSES = YES
               JAVA_ARCHIVE_TYPE = JAR
               JAVA_COMPILER = /usr/bin/javac
               JAVA_FOLDER_PATH = alpine_pod_flutter.app/Contents/Resources/Java
               JAVA_FRAMEWORK_RESOURCES_DIRS = Resources
               JAVA_JAR_FLAGS = cv
               JAVA_SOURCE_SUBDIR = .
               JAVA_USE_DEPENDENCIES = YES
               JAVA_ZIP_FLAGS = -urg
               JIKES_DEFAULT_FLAGS = +E +OLDCSO
               KASAN_CFLAGS_CLASSIC = -DKASAN=1 -DKASAN_CLASSIC=1 -fsanitize=address -mllvm -asan-globals-live-support -mllvm -asan-force-dynamic-shadow
               KASAN_CFLAGS_TBI = -DKASAN=1 -DKASAN_TBI=1 -fsanitize=kernel-hwaddress -mllvm -hwasan-recover=0 -mllvm -hwasan-instrument-atomics=0 -mllvm -hwasan-instrument-stack=1 -mllvm -hwasan-generate-tags-with-calls=1 -mllvm -hwasan-instrument-with-calls=1 -mllvm -hwasan-use-short-granules=0 -mllvm -hwasan-memory-access-callback-prefix=__asan_
               KASAN_DEFAULT_CFLAGS = -DKASAN=1 -DKASAN_CLASSIC=1 -fsanitize=address -mllvm -asan-globals-live-support -mllvm -asan-force-dynamic-shadow
               KEEP_PRIVATE_EXTERNS = NO
               LD_DEPENDENCY_INFO_FILE = /Users/warren/Library/Developer/Xcode/DerivedData/Runner-alldihhsxycoprfnmvxjgemjeyqj/Build/Intermediates.noindex/Runner.build/Debug/Runner.build/Objects-normal/undefined_arch/alpine_pod_flutter_dependency_info.dat
               LD_EXPORT_SYMBOLS = YES
               LD_GENERATE_MAP_FILE = NO
               LD_MAP_FILE_PATH = /Users/warren/Library/Developer/Xcode/DerivedData/Runner-alldihhsxycoprfnmvxjgemjeyqj/Build/Intermediates.noindex/Runner.build/Debug/Runner.build/alpine_pod_flutter-LinkMap-normal-undefined_arch.txt
               LD_NO_PIE = NO
               LD_QUOTE_LINKER_ARGUMENTS_FOR_COMPILER_DRIVER = YES
               LD_RUNPATH_SEARCH_PATHS =  /usr/lib/swift '@executable_path/../Frameworks' '@loader_path/Frameworks' "/Applications/Xcode.app/Contents/Developer/Toolchains/XcodeDefault.xctoolchain/usr/lib/swift/macosx" @executable_path/../Frameworks
               LD_RUNPATH_SEARCH_PATHS_YES = @loader_path/../Frameworks
               LD_SHARED_CACHE_ELIGIBLE = Automatic
               LD_WARN_DUPLICATE_LIBRARIES = NO
               LD_WARN_UNUSED_DYLIBS = NO
               LEGACY_DEVELOPER_DIR = /Applications/Xcode.app/Contents/PlugIns/Xcode3Core.ideplugin/Contents/SharedSupport/Developer
               LEX = lex
               LIBRARY_DEXT_INSTALL_PATH = /Library/DriverExtensions
               LIBRARY_FLAG_NOSPACE = YES
               LIBRARY_FLAG_PREFIX = -l
               LIBRARY_KEXT_INSTALL_PATH = /Library/Extensions
               LIBRARY_SEARCH_PATHS = /Users/warren/src/dart/alpine_pod/alpine_pod_flutter/build/macos/Debug /Applications/Xcode.app/Contents/Developer/Toolchains/XcodeDefault.xctoolchain/usr/lib/swift/macosx /Applications/Xcode.app/Contents/Developer/Platforms/MacOSX.platform/Developer/SDKs/MacOSX26.2.sdk/usr/lib/swift /Applications/Xcode.app/Contents/Developer/Toolchains/XcodeDefault.xctoolchain/usr/lib/swift/macosx /Applications/Xcode.app/Contents/Developer/Platforms/MacOSX.platform/Developer/SDKs/MacOSX26.2.sdk/usr/lib/swift
               LINKER_DISPLAYS_MANGLED_NAMES = NO
               LINK_FILE_LIST_normal_arm64 = /Users/warren/Library/Developer/Xcode/DerivedData/Runner-alldihhsxycoprfnmvxjgemjeyqj/Build/Intermediates.noindex/Runner.build/Debug/Runner.build/Objects-normal/arm64/alpine_pod_flutter.LinkFileList
               LINK_FILE_LIST_normal_x86_64 = /Users/warren/Library/Developer/Xcode/DerivedData/Runner-alldihhsxycoprfnmvxjgemjeyqj/Build/Intermediates.noindex/Runner.build/Debug/Runner.build/Objects-normal/x86_64/alpine_pod_flutter.LinkFileList
               LINK_OBJC_RUNTIME = YES
               LINK_WITH_STANDARD_LIBRARIES = YES
               LLVM_TARGET_TRIPLE_OS_VERSION = macos10.15
               LLVM_TARGET_TRIPLE_OS_VERSION_NO = macos10.15
               LLVM_TARGET_TRIPLE_OS_VERSION_YES = macos26.2
               LLVM_TARGET_TRIPLE_VENDOR = apple
               LM_AUX_CONST_METADATA_LIST_PATH_normal_arm64 = /Users/warren/Library/Developer/Xcode/DerivedData/Runner-alldihhsxycoprfnmvxjgemjeyqj/Build/Intermediates.noindex/Runner.build/Debug/Runner.build/Objects-normal/arm64/alpine_pod_flutter.SwiftConstValuesFileList
               LM_AUX_CONST_METADATA_LIST_PATH_normal_x86_64 = /Users/warren/Library/Developer/Xcode/DerivedData/Runner-alldihhsxycoprfnmvxjgemjeyqj/Build/Intermediates.noindex/Runner.build/Debug/Runner.build/Objects-normal/x86_64/alpine_pod_flutter.SwiftConstValuesFileList
               LOCALIZATION_EXPORT_SUPPORTED = YES
               LOCALIZATION_PREFERS_STRING_CATALOGS = NO
               LOCALIZED_RESOURCES_FOLDER_PATH = alpine_pod_flutter.app/Contents/Resources/en.lproj
               LOCALIZED_STRING_MACRO_NAMES = NSLocalizedString CFCopyLocalizedString
               LOCALIZED_STRING_SWIFTUI_SUPPORT = YES
               LOCAL_ADMIN_APPS_DIR = /Applications/Utilities
               LOCAL_APPS_DIR = /Applications
               LOCAL_DEVELOPER_DIR = /Library/Developer
               LOCAL_LIBRARY_DIR = /Library
               LOCROOT = /Users/warren/src/dart/alpine_pod/alpine_pod_flutter/macos
               LOCSYMROOT = /Users/warren/src/dart/alpine_pod/alpine_pod_flutter/macos
               MACH_O_TYPE = mh_execute
               MACOSX_DEPLOYMENT_TARGET = 10.15
               MAC_OS_X_PRODUCT_BUILD_VERSION = 24G419
               MAC_OS_X_VERSION_ACTUAL = 150703
               MAC_OS_X_VERSION_MAJOR = 150000
               MAC_OS_X_VERSION_MINOR = 150700
               MAKE_MERGEABLE = NO
               MERGEABLE_LIBRARY = NO
               MERGED_BINARY_TYPE = none
               MERGE_LINKED_LIBRARIES = NO
               METAL_LIBRARY_FILE_BASE = default
               METAL_LIBRARY_OUTPUT_DIR = /Users/warren/src/dart/alpine_pod/alpine_pod_flutter/build/macos/Debug/alpine_pod_flutter.app/Contents/Resources
               MODULES_FOLDER_PATH = alpine_pod_flutter.app/Contents/Modules
               MODULE_CACHE_DIR = /Users/warren/Library/Developer/Xcode/DerivedData/ModuleCache.noindex
               MTL_ENABLE_DEBUG_INFO = YES
               NATIVE_ARCH = arm64
               NATIVE_ARCH_32_BIT = arm
               NATIVE_ARCH_64_BIT = arm64
               NATIVE_ARCH_ACTUAL = arm64
               NO_COMMON = YES
               OBJECT_FILE_DIR = /Users/warren/Library/Developer/Xcode/DerivedData/Runner-alldihhsxycoprfnmvxjgemjeyqj/Build/Intermediates.noindex/Runner.build/Debug/Runner.build/Objects
               OBJECT_FILE_DIR_normal = /Users/warren/Library/Developer/Xcode/DerivedData/Runner-alldihhsxycoprfnmvxjgemjeyqj/Build/Intermediates.noindex/Runner.build/Debug/Runner.build/Objects-normal
               OBJROOT = /Users/warren/Library/Developer/Xcode/DerivedData/Runner-alldihhsxycoprfnmvxjgemjeyqj/Build/Intermediates.noindex
               ONLY_ACTIVE_ARCH = NO
               OS = MACOS
               OSAC = /usr/bin/osacompile
               OTHER_LDFLAGS =  -ObjC -framework "AppAuth" -framework "AppCheckCore" -framework "AppKit" -framework "CoreGraphics" -framework "CoreText" -framework "FBLPromises" -framework "Foundation" -framework "GTMAppAuth" -framework "GTMSessionFetcher" -framework "GoogleSignIn" -framework "GoogleUtilities" -framework "LocalAuthentication" -framework "Security" -framework "connectivity_plus" -framework "file_picker" -framework "file_selector_macos" -framework "google_sign_in_ios" -framework "path_provider_foundation" -framework "shared_preferences_foundation" -framework "sqflite_darwin" -weak_framework "AuthenticationServices" -weak_framework "DeviceCheck"
               OTHER_MODULE_VERIFIER_FLAGS =  "-F/Users/warren/src/dart/alpine_pod/alpine_pod_flutter/build/macos/Debug/AppAuth" "-F/Users/warren/src/dart/alpine_pod/alpine_pod_flutter/build/macos/Debug/AppCheckCore" "-F/Users/warren/src/dart/alpine_pod/alpine_pod_flutter/build/macos/Debug/FlutterMacOS" "-F/Users/warren/src/dart/alpine_pod/alpine_pod_flutter/build/macos/Debug/GTMAppAuth" "-F/Users/warren/src/dart/alpine_pod/alpine_pod_flutter/build/macos/Debug/GTMSessionFetcher" "-F/Users/warren/src/dart/alpine_pod/alpine_pod_flutter/build/macos/Debug/GoogleSignIn" "-F/Users/warren/src/dart/alpine_pod/alpine_pod_flutter/build/macos/Debug/GoogleUtilities" "-F/Users/warren/src/dart/alpine_pod/alpine_pod_flutter/build/macos/Debug/PromisesObjC" "-F/Users/warren/src/dart/alpine_pod/alpine_pod_flutter/build/macos/Debug/connectivity_plus" "-F/Users/warren/src/dart/alpine_pod/alpine_pod_flutter/build/macos/Debug/file_picker" "-F/Users/warren/src/dart/alpine_pod/alpine_pod_flutter/build/macos/Debug/file_selector_macos" "-F/Users/warren/src/dart/alpine_pod/alpine_pod_flutter/build/macos/Debug/google_sign_in_ios" "-F/Users/warren/src/dart/alpine_pod/alpine_pod_flutter/build/macos/Debug/path_provider_foundation" "-F/Users/warren/src/dart/alpine_pod/alpine_pod_flutter/build/macos/Debug/shared_preferences_foundation" "-F/Users/warren/src/dart/alpine_pod/alpine_pod_flutter/build/macos/Debug/sqflite_darwin"
               OTHER_SWIFT_FLAGS =  -D COCOAPODS
               PACKAGE_CONFIG = /Users/warren/src/dart/alpine_pod/alpine_pod_flutter/.dart_tool/package_config.json
               PACKAGE_TYPE = com.apple.package-type.wrapper.application
               PASCAL_STRINGS = YES
               PATH = /Applications/Xcode.app/Contents/SharedFrameworks/SwiftBuild.framework/Versions/A/PlugIns/SWBBuildService.bundle/Contents/PlugIns/SWBUniversalPlatformPlugin.bundle/Contents/Frameworks/SWBUniversalPlatform.framework/Resources:/Applications/Xcode.app/Contents/Developer/Toolchains/XcodeDefault.xctoolchain/usr/bin:/Applications/Xcode.app/Contents/Developer/Toolchains/XcodeDefault.xctoolchain/usr/local/bin:/Applications/Xcode.app/Contents/Developer/Toolchains/XcodeDefault.xctoolchain/usr/libexec:/Applications/Xcode.app/Contents/Developer/Platforms/MacOSX.platform/usr/bin:/Applications/Xcode.app/Contents/Developer/Platforms/MacOSX.platform/usr/local/bin:/Applications/Xcode.app/Contents/Developer/Platforms/MacOSX.platform/Developer/usr/bin:/Applications/Xcode.app/Contents/Developer/Platforms/MacOSX.platform/Developer/usr/local/bin:/Applications/Xcode.app/Contents/Developer/usr/bin:/Applications/Xcode.app/Contents/Developer/usr/local/bin:/Users/warren/.antigravity/antigravity/bin:/Users/warren/.gem/ruby/3.4.1/bin:/Users/warren/.rubies/ruby-3.4.1/lib/ruby/gems/3.4.0/bin:/Users/warren/.rubies/ruby-3.4.1/bin:/opt/homebrew/opt/openldap/sbin:/opt/homebrew/opt/openldap/bin:/Users/warren/dev/google-cloud-sdk/bin:/Users/warren/dev/flutter/bin/:/opt/homebrew/bin:/opt/homebrew/sbin:/usr/local/bin:/System/Cryptexes/App/usr/bin:/usr/bin:/bin:/usr/sbin:/sbin:/var/run/com.apple.security.cryptexd/codex.system/bootstrap/usr/local/bin:/var/run/com.apple.security.cryptexd/codex.system/bootstrap/usr/bin:/var/run/com.apple.security.cryptexd/codex.system/bootstrap/usr/appleinternal/bin:/Library/Apple/usr/bin:/usr/local/MacGPG2/bin:/Users/warren/bin:/Users/warren/dev/flutter/bin:/Applications/Postgres.app/Contents/Versions/14/bin:/Users/warren/.pub-cache/bin:/Users/warren/.antigravity/extensions/vscjava.vscode-java-debug-0.58.5-universal/bundled/scripts/noConfigScripts
               PATH_PREFIXES_EXCLUDED_FROM_HEADER_DEPENDENCIES = /usr/include /usr/local/include /System/Library/Frameworks /System/Library/PrivateFrameworks /Applications/Xcode.app/Contents/Developer/Headers /Applications/Xcode.app/Contents/Developer/SDKs /Applications/Xcode.app/Contents/Developer/Platforms
               PBDEVELOPMENTPLIST_PATH = alpine_pod_flutter.app/Contents/pbdevelopment.plist
               PER_ARCH_MODULE_FILE_DIR = /Users/warren/Library/Developer/Xcode/DerivedData/Runner-alldihhsxycoprfnmvxjgemjeyqj/Build/Intermediates.noindex/Runner.build/Debug/Runner.build/Objects-normal/undefined_arch
               PER_ARCH_OBJECT_FILE_DIR = /Users/warren/Library/Developer/Xcode/DerivedData/Runner-alldihhsxycoprfnmvxjgemjeyqj/Build/Intermediates.noindex/Runner.build/Debug/Runner.build/Objects-normal/undefined_arch
               PER_VARIANT_OBJECT_FILE_DIR = /Users/warren/Library/Developer/Xcode/DerivedData/Runner-alldihhsxycoprfnmvxjgemjeyqj/Build/Intermediates.noindex/Runner.build/Debug/Runner.build/Objects-normal
               PKGINFO_FILE_PATH = /Users/warren/Library/Developer/Xcode/DerivedData/Runner-alldihhsxycoprfnmvxjgemjeyqj/Build/Intermediates.noindex/Runner.build/Debug/Runner.build/PkgInfo
               PKGINFO_PATH = alpine_pod_flutter.app/Contents/PkgInfo
               PLATFORM_DEVELOPER_APPLICATIONS_DIR = /Applications/Xcode.app/Contents/Developer/Applications
               PLATFORM_DEVELOPER_BIN_DIR = /Applications/Xcode.app/Contents/Developer/usr/bin
               PLATFORM_DEVELOPER_LIBRARY_DIR = /Applications/Xcode.app/Contents/Developer/Library
               PLATFORM_DEVELOPER_SDK_DIR = /Applications/Xcode.app/Contents/Developer/Platforms/MacOSX.platform/Developer/SDKs
               PLATFORM_DEVELOPER_TOOLS_DIR = /Applications/Xcode.app/Contents/Developer/Tools
               PLATFORM_DEVELOPER_USR_DIR = /Applications/Xcode.app/Contents/Developer/usr
               PLATFORM_DIR = /Applications/Xcode.app/Contents/Developer/Platforms/MacOSX.platform
               PLATFORM_DISPLAY_NAME = macOS
               PLATFORM_FAMILY_NAME = macOS
               PLATFORM_NAME = macosx
               PLATFORM_PREFERRED_ARCH = x86_64
               PLATFORM_PRODUCT_BUILD_VERSION = 25C57
               PLATFORM_REQUIRES_SWIFT_AUTOLINK_EXTRACT = NO
               PLATFORM_REQUIRES_SWIFT_MODULEWRAP = NO
               PLIST_FILE_OUTPUT_FORMAT = same-as-input
               PLUGINS_FOLDER_PATH = alpine_pod_flutter.app/Contents/PlugIns
               PODS_BUILD_DIR = /Users/warren/src/dart/alpine_pod/alpine_pod_flutter/build/macos
               PODS_CONFIGURATION_BUILD_DIR = /Users/warren/src/dart/alpine_pod/alpine_pod_flutter/build/macos/Debug
               PODS_PODFILE_DIR_PATH = /Users/warren/src/dart/alpine_pod/alpine_pod_flutter/macos/.
               PODS_ROOT = /Users/warren/src/dart/alpine_pod/alpine_pod_flutter/macos/Pods
               PODS_XCFRAMEWORKS_BUILD_DIR = /Users/warren/src/dart/alpine_pod/alpine_pod_flutter/build/macos/Debug/XCFrameworkIntermediates
               PRECOMPS_INCLUDE_HEADERS_FROM_BUILT_PRODUCTS_DIR = YES
               PRECOMP_DESTINATION_DIR = /Users/warren/Library/Developer/Xcode/DerivedData/Runner-alldihhsxycoprfnmvxjgemjeyqj/Build/Intermediates.noindex/Runner.build/Debug/Runner.build/PrefixHeaders
               PRIVATE_HEADERS_FOLDER_PATH = alpine_pod_flutter.app/Contents/PrivateHeaders
               PROCESSED_INFOPLIST_PATH = /Users/warren/Library/Developer/Xcode/DerivedData/Runner-alldihhsxycoprfnmvxjgemjeyqj/Build/Intermediates.noindex/Runner.build/Debug/Runner.build/Objects-normal/undefined_arch/Processed-Info.plist
               PRODUCT_BUNDLE_IDENTIFIER = com.example.alpinePodFlutter
               PRODUCT_BUNDLE_PACKAGE_TYPE = APPL
               PRODUCT_COPYRIGHT = Copyright  2025 com.example. All rights reserved.
               PRODUCT_MODULE_NAME = alpine_pod_flutter
               PRODUCT_NAME = alpine_pod_flutter
               PRODUCT_SETTINGS_PATH = /Users/warren/src/dart/alpine_pod/alpine_pod_flutter/macos/Runner/Info.plist
               PRODUCT_TYPE = com.apple.product-type.application
               PROFILING_CODE = NO
               PROJECT = Runner
               PROJECT_DERIVED_FILE_DIR = /Users/warren/Library/Developer/Xcode/DerivedData/Runner-alldihhsxycoprfnmvxjgemjeyqj/Build/Intermediates.noindex/Runner.build/DerivedSources
               PROJECT_DIR = /Users/warren/src/dart/alpine_pod/alpine_pod_flutter/macos
               PROJECT_FILE_PATH = /Users/warren/src/dart/alpine_pod/alpine_pod_flutter/macos/Runner.xcodeproj
               PROJECT_GUID = 18c1723432283e0cc55f10a6dcfd9e02
               PROJECT_NAME = Runner
               PROJECT_TEMP_DIR = /Users/warren/Library/Developer/Xcode/DerivedData/Runner-alldihhsxycoprfnmvxjgemjeyqj/Build/Intermediates.noindex/Runner.build
               PROJECT_TEMP_ROOT = /Users/warren/Library/Developer/Xcode/DerivedData/Runner-alldihhsxycoprfnmvxjgemjeyqj/Build/Intermediates.noindex
               PROVISIONING_PROFILE_REQUIRED = NO
               PROVISIONING_PROFILE_REQUIRED_YES_YES = YES
               PROVISIONING_PROFILE_SUPPORTED = YES
               PUBLIC_HEADERS_FOLDER_PATH = alpine_pod_flutter.app/Contents/Headers
               RECOMMENDED_MACOSX_DEPLOYMENT_TARGET = 11.0
               RECURSIVE_SEARCH_PATHS_FOLLOW_SYMLINKS = YES
               REMOVE_CVS_FROM_RESOURCES = YES
               REMOVE_GIT_FROM_RESOURCES = YES
               REMOVE_HEADERS_FROM_EMBEDDED_BUNDLES = YES
               REMOVE_HG_FROM_RESOURCES = YES
               REMOVE_STATIC_EXECUTABLES_FROM_EMBEDDED_BUNDLES = YES
               REMOVE_SVN_FROM_RESOURCES = YES
               RESCHEDULE_INDEPENDENT_HEADERS_PHASES = YES
               REZ_COLLECTOR_DIR = /Users/warren/Library/Developer/Xcode/DerivedData/Runner-alldihhsxycoprfnmvxjgemjeyqj/Build/Intermediates.noindex/Runner.build/Debug/Runner.build/ResourceManagerResources
               REZ_OBJECTS_DIR = /Users/warren/Library/Developer/Xcode/DerivedData/Runner-alldihhsxycoprfnmvxjgemjeyqj/Build/Intermediates.noindex/Runner.build/Debug/Runner.build/ResourceManagerResources/Objects
               REZ_SEARCH_PATHS = /Users/warren/src/dart/alpine_pod/alpine_pod_flutter/build/macos/Debug 
               RUNTIME_EXCEPTION_ALLOW_DYLD_ENVIRONMENT_VARIABLES = NO
               RUNTIME_EXCEPTION_ALLOW_JIT = NO
               RUNTIME_EXCEPTION_ALLOW_UNSIGNED_EXECUTABLE_MEMORY = NO
               RUNTIME_EXCEPTION_DEBUGGING_TOOL = NO
               RUNTIME_EXCEPTION_DISABLE_EXECUTABLE_PAGE_PROTECTION = NO
               RUNTIME_EXCEPTION_DISABLE_LIBRARY_VALIDATION = NO
               SCAN_ALL_SOURCE_FILES_FOR_INCLUDES = NO
               SCRIPTS_FOLDER_PATH = alpine_pod_flutter.app/Contents/Resources/Scripts
               SDKROOT = /Applications/Xcode.app/Contents/Developer/Platforms/MacOSX.platform/Developer/SDKs/MacOSX26.2.sdk
               SDK_DIR = /Applications/Xcode.app/Contents/Developer/Platforms/MacOSX.platform/Developer/SDKs/MacOSX26.2.sdk
               SDK_DIR_macosx = /Applications/Xcode.app/Contents/Developer/Platforms/MacOSX.platform/Developer/SDKs/MacOSX26.2.sdk
               SDK_DIR_macosx26_2 = /Applications/Xcode.app/Contents/Developer/Platforms/MacOSX.platform/Developer/SDKs/MacOSX26.2.sdk
               SDK_NAME = macosx26.2
               SDK_NAMES = macosx26.2
               SDK_PRODUCT_BUILD_VERSION = 25C57
               SDK_STAT_CACHE_DIR = /Users/warren/Library/Developer/Xcode/DerivedData
               SDK_STAT_CACHE_ENABLE = YES
               SDK_STAT_CACHE_PATH = /Users/warren/Library/Developer/Xcode/DerivedData/SDKStatCaches.noindex/macosx26.2-25C57-00fa09913b459cbbc988d1f6730289ae.sdkstatcache
               SDK_VERSION = 26.2
               SDK_VERSION_ACTUAL = 260200
               SDK_VERSION_MAJOR = 260000
               SDK_VERSION_MINOR = 260200
               SED = /usr/bin/sed
               SEPARATE_STRIP = NO
               SEPARATE_SYMBOL_EDIT = NO
               SET_DIR_MODE_OWNER_GROUP = YES
               SET_FILE_MODE_OWNER_GROUP = NO
               SHALLOW_BUNDLE = NO
               SHALLOW_BUNDLE_PLATFORM = NO
               SHALLOW_BUNDLE_TRIPLE = macos
               SHALLOW_BUNDLE_ios_macabi = NO
               SHALLOW_BUNDLE_macos = NO
               SHARED_DERIVED_FILE_DIR = /Users/warren/src/dart/alpine_pod/alpine_pod_flutter/build/macos/Debug/DerivedSources
               SHARED_FRAMEWORKS_FOLDER_PATH = alpine_pod_flutter.app/Contents/SharedFrameworks
               SHARED_PRECOMPS_DIR = /Users/warren/Library/Developer/Xcode/DerivedData/Runner-alldihhsxycoprfnmvxjgemjeyqj/Build/Intermediates.noindex/PrecompiledHeaders
               SHARED_SUPPORT_FOLDER_PATH = alpine_pod_flutter.app/Contents/SharedSupport
               SKIP_INSTALL = NO
               SOURCE_ROOT = /Users/warren/src/dart/alpine_pod/alpine_pod_flutter/macos
               SRCROOT = /Users/warren/src/dart/alpine_pod/alpine_pod_flutter/macos
               STRINGSDATA_DIR = /Users/warren/Library/Developer/Xcode/DerivedData/Runner-alldihhsxycoprfnmvxjgemjeyqj/Build/Intermediates.noindex/Runner.build/Debug/Runner.build/Objects-normal/undefined_arch
               STRINGSDATA_ROOT = /Users/warren/Library/Developer/Xcode/DerivedData/Runner-alldihhsxycoprfnmvxjgemjeyqj/Build/Intermediates.noindex/Runner.build/Debug/Runner.build
               STRINGS_FILE_INFOPLIST_RENAME = YES
               STRINGS_FILE_OUTPUT_ENCODING = UTF-16
               STRING_CATALOG_GENERATE_SYMBOLS = NO
               STRIP_BITCODE_FROM_COPIED_FILES = NO
               STRIP_INSTALLED_PRODUCT = NO
               STRIP_PNG_TEXT = NO
               STRIP_STYLE = all
               STRIP_SWIFT_SYMBOLS = YES
               SUPPORTED_PLATFORMS = macosx
               SUPPORTS_MACCATALYST = NO
               SUPPORTS_ON_DEMAND_RESOURCES = NO
               SUPPORTS_TEXT_BASED_API = NO
               SUPPRESS_WARNINGS = NO
               SWIFT_ACTIVE_COMPILATION_CONDITIONS = DEBUG
               SWIFT_EMIT_CONST_VALUE_PROTOCOLS = AppIntent EntityQuery AppEntity TransientEntity AppEnum AppShortcutProviding AppShortcutsProvider AnyResolverProviding AppIntentsPackage DynamicOptionsProvider _IntentValueRepresentable _AssistantIntentsProvider _GenerativeFunctionExtractable IntentValueQuery Resolver AppExtension ExtensionPointDefining
               SWIFT_EMIT_LOC_STRINGS = NO
               SWIFT_ENABLE_EXPLICIT_MODULES = YES
               SWIFT_OPTIMIZATION_LEVEL = -Onone
               SWIFT_PLATFORM_TARGET_PREFIX = macos
               SWIFT_RESPONSE_FILE_PATH_normal_arm64 = /Users/warren/Library/Developer/Xcode/DerivedData/Runner-alldihhsxycoprfnmvxjgemjeyqj/Build/Intermediates.noindex/Runner.build/Debug/Runner.build/Objects-normal/arm64/alpine_pod_flutter.SwiftFileList
               SWIFT_RESPONSE_FILE_PATH_normal_x86_64 = /Users/warren/Library/Developer/Xcode/DerivedData/Runner-alldihhsxycoprfnmvxjgemjeyqj/Build/Intermediates.noindex/Runner.build/Debug/Runner.build/Objects-normal/x86_64/alpine_pod_flutter.SwiftFileList
               SWIFT_VERSION = 5.0
               SYMROOT = /Users/warren/Library/Developer/Xcode/DerivedData/Runner-alldihhsxycoprfnmvxjgemjeyqj/Build/Products
               SYSTEM_ADMIN_APPS_DIR = /Applications/Utilities
               SYSTEM_APPS_DIR = /Applications
               SYSTEM_CORE_SERVICES_DIR = /System/Library/CoreServices
               SYSTEM_DEMOS_DIR = /Applications/Extras
               SYSTEM_DEVELOPER_APPS_DIR = /Applications/Xcode.app/Contents/Developer/Applications
               SYSTEM_DEVELOPER_BIN_DIR = /Applications/Xcode.app/Contents/Developer/usr/bin
               SYSTEM_DEVELOPER_DEMOS_DIR = /Applications/Xcode.app/Contents/Developer/Applications/Utilities/Built Examples
               SYSTEM_DEVELOPER_DIR = /Applications/Xcode.app/Contents/Developer
               SYSTEM_DEVELOPER_DOC_DIR = /Applications/Xcode.app/Contents/Developer/ADC Reference Library
               SYSTEM_DEVELOPER_GRAPHICS_TOOLS_DIR = /Applications/Xcode.app/Contents/Developer/Applications/Graphics Tools
               SYSTEM_DEVELOPER_JAVA_TOOLS_DIR = /Applications/Xcode.app/Contents/Developer/Applications/Java Tools
               SYSTEM_DEVELOPER_PERFORMANCE_TOOLS_DIR = /Applications/Xcode.app/Contents/Developer/Applications/Performance Tools
               SYSTEM_DEVELOPER_RELEASENOTES_DIR = /Applications/Xcode.app/Contents/Developer/ADC Reference Library/releasenotes
               SYSTEM_DEVELOPER_TOOLS = /Applications/Xcode.app/Contents/Developer/Tools
               SYSTEM_DEVELOPER_TOOLS_DOC_DIR = /Applications/Xcode.app/Contents/Developer/ADC Reference Library/documentation/DeveloperTools
               SYSTEM_DEVELOPER_TOOLS_RELEASENOTES_DIR = /Applications/Xcode.app/Contents/Developer/ADC Reference Library/releasenotes/DeveloperTools
               SYSTEM_DEVELOPER_USR_DIR = /Applications/Xcode.app/Contents/Developer/usr
               SYSTEM_DEVELOPER_UTILITIES_DIR = /Applications/Xcode.app/Contents/Developer/Applications/Utilities
               SYSTEM_DEXT_INSTALL_PATH = /System/Library/DriverExtensions
               SYSTEM_DOCUMENTATION_DIR = /Library/Documentation
               SYSTEM_EXTENSIONS_FOLDER_PATH = alpine_pod_flutter.app/Contents/Library/SystemExtensions
               SYSTEM_EXTENSIONS_FOLDER_PATH_SHALLOW_BUNDLE_NO = alpine_pod_flutter.app/Contents/Library/SystemExtensions
               SYSTEM_EXTENSIONS_FOLDER_PATH_SHALLOW_BUNDLE_YES = alpine_pod_flutter.app/Contents/SystemExtensions
               SYSTEM_KEXT_INSTALL_PATH = /System/Library/Extensions
               SYSTEM_LIBRARY_DIR = /System/Library
               TAPI_DEMANGLE = YES
               TAPI_ENABLE_PROJECT_HEADERS = NO
               TAPI_LANGUAGE = objective-c
               TAPI_LANGUAGE_STANDARD = compiler-default
               TAPI_USE_SRCROOT = YES
               TAPI_VERIFY_MODE = Pedantic
               TARGETNAME = Runner
               TARGET_BUILD_DIR = /Users/warren/src/dart/alpine_pod/alpine_pod_flutter/build/macos/Debug
               TARGET_NAME = Runner
               TARGET_TEMP_DIR = /Users/warren/Library/Developer/Xcode/DerivedData/Runner-alldihhsxycoprfnmvxjgemjeyqj/Build/Intermediates.noindex/Runner.build/Debug/Runner.build
               TEMP_DIR = /Users/warren/Library/Developer/Xcode/DerivedData/Runner-alldihhsxycoprfnmvxjgemjeyqj/Build/Intermediates.noindex/Runner.build/Debug/Runner.build
               TEMP_FILES_DIR = /Users/warren/Library/Developer/Xcode/DerivedData/Runner-alldihhsxycoprfnmvxjgemjeyqj/Build/Intermediates.noindex/Runner.build/Debug/Runner.build
               TEMP_FILE_DIR = /Users/warren/Library/Developer/Xcode/DerivedData/Runner-alldihhsxycoprfnmvxjgemjeyqj/Build/Intermediates.noindex/Runner.build/Debug/Runner.build
               TEMP_ROOT = /Users/warren/Library/Developer/Xcode/DerivedData/Runner-alldihhsxycoprfnmvxjgemjeyqj/Build/Intermediates.noindex
               TEMP_SANDBOX_DIR = /Users/warren/Library/Developer/Xcode/DerivedData/Runner-alldihhsxycoprfnmvxjgemjeyqj/Build/Intermediates.noindex/TemporaryTaskSandboxes
               TEST_FRAMEWORK_SEARCH_PATHS =  /Applications/Xcode.app/Contents/Developer/Platforms/MacOSX.platform/Developer/Library/Frameworks
               TEST_LIBRARY_SEARCH_PATHS =  /Applications/Xcode.app/Contents/Developer/Platforms/MacOSX.platform/Developer/usr/lib
               TOOLCHAINS = com.apple.dt.toolchain.XcodeDefault
               TOOLCHAIN_DIR = /Applications/Xcode.app/Contents/Developer/Toolchains/XcodeDefault.xctoolchain
               TRACK_WIDGET_CREATION = true
               TREAT_MISSING_BASELINES_AS_TEST_FAILURES = NO
               TREAT_MISSING_SCRIPT_PHASE_OUTPUTS_AS_ERRORS = NO
               TREE_SHAKE_ICONS = true
               TVOS_DEPLOYMENT_TARGET = 26.2
               UID = 501
               UNINSTALLED_PRODUCTS_DIR = /Users/warren/Library/Developer/Xcode/DerivedData/Runner-alldihhsxycoprfnmvxjgemjeyqj/Build/Intermediates.noindex/UninstalledProducts
               UNLOCALIZED_RESOURCES_FOLDER_PATH = alpine_pod_flutter.app/Contents/Resources
               UNLOCALIZED_RESOURCES_FOLDER_PATH_SHALLOW_BUNDLE_NO = alpine_pod_flutter.app/Contents/Resources
               UNLOCALIZED_RESOURCES_FOLDER_PATH_SHALLOW_BUNDLE_YES = alpine_pod_flutter.app/Contents
               UNSTRIPPED_PRODUCT = NO
               USER = warren
               USER_APPS_DIR = /Users/warren/Applications
               USER_LIBRARY_DIR = /Users/warren/Library
               USE_DYNAMIC_NO_PIC = YES
               USE_HEADERMAP = YES
               USE_HEADER_SYMLINKS = NO
               USE_RECURSIVE_SCRIPT_INPUTS_IN_SCRIPT_PHASES = YES
               VALIDATE_DEVELOPMENT_ASSET_PATHS = YES_ERROR
               VALIDATE_PRODUCT = NO
               VALID_ARCHS = arm64 arm64e i386 x86_64
               VERBOSE_PBXCP = NO
               VERSIONPLIST_PATH = alpine_pod_flutter.app/Contents/version.plist
               VERSION_INFO_BUILDER = warren
               VERSION_INFO_FILE = alpine_pod_flutter_vers.c
               VERSION_INFO_STRING = "@(#)PROGRAM:alpine_pod_flutter  PROJECT:Runner-"
               WARNING_CFLAGS = -Wall -Wconditional-uninitialized -Wnullable-to-nonnull-conversion -Wmissing-method-return-type -Woverlength-strings
               WATCHOS_DEPLOYMENT_TARGET = 26.2
               WORKSPACE_DIR = /Users/warren/src/dart/alpine_pod/alpine_pod_flutter/macos/Runner.xcodeproj
               WRAPPER_EXTENSION = app
               WRAPPER_NAME = alpine_pod_flutter.app
               WRAPPER_SUFFIX = .app
               WRAP_ASSET_PACKS_IN_SEPARATE_DIRECTORIES = NO
               XCODE_APP_SUPPORT_DIR = /Applications/Xcode.app/Contents/Developer/Library/Xcode
               XCODE_PRODUCT_BUILD_VERSION = 17C52
               XCODE_VERSION_ACTUAL = 2620
               XCODE_VERSION_MAJOR = 2600
               XCODE_VERSION_MINOR = 2620
               XPCSERVICES_FOLDER_PATH = alpine_pod_flutter.app/Contents/XPCServices
               XROS_DEPLOYMENT_TARGET = 26.2
               YACC = yacc
               _BOOL_ = NO
               _BOOL_NO = NO
               _BOOL_YES = YES
               _DEVELOPMENT_TEAM_IS_EMPTY = NO
               _DISCOVER_COMMAND_LINE_LINKER_INPUTS = YES
               _DISCOVER_COMMAND_LINE_LINKER_INPUTS_INCLUDE_WL = YES
               _IS_EMPTY_ = YES
               _LD_MULTIARCH = YES
               _MACOSX_DEPLOYMENT_TARGET_IS_EMPTY = NO
               _WRAPPER_CONTENTS_DIR = /Contents
               _WRAPPER_CONTENTS_DIR_SHALLOW_BUNDLE_NO = /Contents
               _WRAPPER_PARENT_PATH = /..
               _WRAPPER_PARENT_PATH_SHALLOW_BUNDLE_NO = /..
               _WRAPPER_RESOURCES_DIR = /Resources
               _WRAPPER_RESOURCES_DIR_SHALLOW_BUNDLE_NO = /Resources
               __DIAGNOSE_DEPRECATED_ARCHS = YES
               __IS_NOT_MACOS = NO
               __IS_NOT_MACOS_macosx = NO
               __IS_NOT_SIMULATOR = YES
               __IS_NOT_SIMULATOR_simulator = NO
               arch = undefined_arch
               variant = normal
[  +41 ms] Found plugin connectivity_plus at /Users/warren/.pub-cache/hosted/pub.dev/connectivity_plus-6.1.5/
[   +2 ms] Found plugin shared_preferences at /Users/warren/.pub-cache/hosted/pub.dev/shared_preferences-2.5.3/
[        ] Found plugin shared_preferences_windows at /Users/warren/.pub-cache/hosted/pub.dev/shared_preferences_windows-2.4.1/
[        ] Found plugin path_provider_windows at /Users/warren/.pub-cache/hosted/pub.dev/path_provider_windows-2.3.0/
[   +1 ms] Found plugin shared_preferences_web at /Users/warren/.pub-cache/hosted/pub.dev/shared_preferences_web-2.4.3/
[        ] Found plugin shared_preferences_linux at /Users/warren/.pub-cache/hosted/pub.dev/shared_preferences_linux-2.4.1/
[        ] Found plugin path_provider_linux at /Users/warren/.pub-cache/hosted/pub.dev/path_provider_linux-2.2.1/
[        ] Found plugin shared_preferences_foundation at /Users/warren/.pub-cache/hosted/pub.dev/shared_preferences_foundation-2.5.5/
[        ] Found plugin shared_preferences_android at /Users/warren/.pub-cache/hosted/pub.dev/shared_preferences_android-2.4.15/
[        ] Found plugin image_picker at /Users/warren/.pub-cache/hosted/pub.dev/image_picker-1.2.0/
[        ] Found plugin image_picker_windows at /Users/warren/.pub-cache/hosted/pub.dev/image_picker_windows-0.2.2/
[        ] Found plugin file_selector_windows at /Users/warren/.pub-cache/hosted/pub.dev/file_selector_windows-0.9.3+4/
[        ] Found plugin image_picker_macos at /Users/warren/.pub-cache/hosted/pub.dev/image_picker_macos-0.2.2+1/
[        ] Found plugin file_selector_macos at /Users/warren/.pub-cache/hosted/pub.dev/file_selector_macos-0.9.4+5/
[        ] Found plugin image_picker_linux at /Users/warren/.pub-cache/hosted/pub.dev/image_picker_linux-0.2.2/
[        ] Found plugin file_selector_linux at /Users/warren/.pub-cache/hosted/pub.dev/file_selector_linux-0.9.3+2/
[        ] Found plugin image_picker_ios at /Users/warren/.pub-cache/hosted/pub.dev/image_picker_ios-0.8.13+1/
[        ] Found plugin image_picker_for_web at /Users/warren/.pub-cache/hosted/pub.dev/image_picker_for_web-3.1.0/
[        ] Found plugin image_picker_android at /Users/warren/.pub-cache/hosted/pub.dev/image_picker_android-0.8.13+5/
[        ] Found plugin flutter_plugin_android_lifecycle at /Users/warren/.pub-cache/hosted/pub.dev/flutter_plugin_android_lifecycle-2.0.32/
[        ] Found plugin image_cropper at /Users/warren/.pub-cache/hosted/pub.dev/image_cropper-9.1.0/
[        ] Found plugin image_cropper_for_web at /Users/warren/.pub-cache/hosted/pub.dev/image_cropper_for_web-6.1.0/
[        ] Found plugin file_picker at /Users/warren/.pub-cache/hosted/pub.dev/file_picker-10.3.3/
[   +1 ms] Found plugin sqflite at /Users/warren/.pub-cache/hosted/pub.dev/sqflite-2.4.2/
[        ] Found plugin sqflite_darwin at /Users/warren/.pub-cache/hosted/pub.dev/sqflite_darwin-2.4.2/
[        ] Found plugin sqflite_android at /Users/warren/.pub-cache/hosted/pub.dev/sqflite_android-2.4.2+2/
[        ] Found plugin path_provider at /Users/warren/.pub-cache/hosted/pub.dev/path_provider-2.1.5/
[        ] Found plugin path_provider_foundation at /Users/warren/.pub-cache/hosted/pub.dev/path_provider_foundation-2.4.3/
[        ] Found plugin path_provider_android at /Users/warren/.pub-cache/hosted/pub.dev/path_provider_android-2.2.20/
[        ] Found plugin google_sign_in at /Users/warren/.pub-cache/hosted/pub.dev/google_sign_in-6.3.0/
[        ] Found plugin google_sign_in_web at /Users/warren/.pub-cache/hosted/pub.dev/google_sign_in_web-0.12.4+4/
[        ] Found plugin google_sign_in_ios at /Users/warren/.pub-cache/hosted/pub.dev/google_sign_in_ios-5.9.0/
[        ] Found plugin google_sign_in_android at /Users/warren/.pub-cache/hosted/pub.dev/google_sign_in_android-6.2.1/
[  +11 ms] Building macOS application...
[        ] executing: /usr/bin/env xcrun xcodebuild -workspace /Users/warren/src/dart/alpine_pod/alpine_pod_flutter/macos/Runner.xcworkspace -configuration Debug -scheme Runner -derivedDataPath /Users/warren/src/dart/alpine_pod/alpine_pod_flutter/build/macos -destination platform=macOS,arch=arm64 OBJROOT=/Users/warren/src/dart/alpine_pod/alpine_pod_flutter/build/macos/Build/Intermediates.noindex SYMROOT=/Users/warren/src/dart/alpine_pod/alpine_pod_flutter/build/macos/Build/Products VERBOSE_SCRIPT_LOGGING=YES COMPILER_INDEX_STORE_ENABLE=NO
[ +463 ms] Command line invocation:
[        ]     /Applications/Xcode.app/Contents/Developer/usr/bin/xcodebuild -workspace /Users/warren/src/dart/alpine_pod/alpine_pod_flutter/macos/Runner.xcworkspace -configuration Debug -scheme Runner -derivedDataPath /Users/warren/src/dart/alpine_pod/alpine_pod_flutter/build/macos -destination platform=macOS,arch=arm64 OBJROOT=/Users/warren/src/dart/alpine_pod/alpine_pod_flutter/build/macos/Build/Intermediates.noindex SYMROOT=/Users/warren/src/dart/alpine_pod/alpine_pod_flutter/build/macos/Build/Products VERBOSE_SCRIPT_LOGGING=YES COMPILER_INDEX_STORE_ENABLE=NO
[        ] Build settings from command line:
[        ]     COMPILER_INDEX_STORE_ENABLE = NO
[        ]     OBJROOT = /Users/warren/src/dart/alpine_pod/alpine_pod_flutter/build/macos/Build/Intermediates.noindex
[        ]     SYMROOT = /Users/warren/src/dart/alpine_pod/alpine_pod_flutter/build/macos/Build/Products
[        ]     VERBOSE_SCRIPT_LOGGING = YES
[ +524 ms] ComputePackagePrebuildTargetDependencyGraph
[ +310 ms] Prepare packages
[   +2 ms] CreateBuildRequest
[        ] SendProjectDescription
[  +35 ms] CreateBuildOperation
[  +16 ms] ComputeTargetDependencyGraph
[ +207 ms] note: Building targets in dependency order
[   +4 ms] note: Target dependency graph (32 targets)
[        ]     Target 'Runner' in project 'Runner'
[        ]          Explicit dependency on target 'Flutter Assemble' in project 'Runner'
[        ]          Implicit dependency on target 'Pods-Runner' in project 'Pods' via file 'Pods_Runner.framework' in build phase 'Link Binary'
[        ]          Implicit dependency on target 'AppAuth' in project 'Pods' via options '-framework AppAuth' in build setting 'OTHER_LDFLAGS'
[        ]          Implicit dependency on target 'AppCheckCore' in project 'Pods' via options '-framework AppCheckCore' in build setting 'OTHER_LDFLAGS'
[        ]          Implicit dependency on target 'PromisesObjC' in project 'Pods' via options '-framework FBLPromises' in build setting 'OTHER_LDFLAGS'
[        ]          Implicit dependency on target 'GTMAppAuth' in project 'Pods' via options '-framework GTMAppAuth' in build setting 'OTHER_LDFLAGS'
[        ]          Implicit dependency on target 'GTMSessionFetcher' in project 'Pods' via options '-framework GTMSessionFetcher' in build setting 'OTHER_LDFLAGS'
[        ]          Implicit dependency on target 'GoogleSignIn' in project 'Pods' via options '-framework GoogleSignIn' in build setting 'OTHER_LDFLAGS'
[        ]          Implicit dependency on target 'GoogleUtilities' in project 'Pods' via options '-framework GoogleUtilities' in build setting 'OTHER_LDFLAGS'
[        ]          Implicit dependency on target 'connectivity_plus' in project 'Pods' via options '-framework connectivity_plus' in build setting 'OTHER_LDFLAGS'
[        ]          Implicit dependency on target 'file_picker' in project 'Pods' via options '-framework file_picker' in build setting 'OTHER_LDFLAGS'
[        ]          Implicit dependency on target 'file_selector_macos' in project 'Pods' via options '-framework file_selector_macos' in build setting 'OTHER_LDFLAGS'
[        ]          Implicit dependency on target 'google_sign_in_ios' in project 'Pods' via options '-framework google_sign_in_ios' in build setting 'OTHER_LDFLAGS'
[        ]          Implicit dependency on target 'path_provider_foundation' in project 'Pods' via options '-framework path_provider_foundation' in build setting 'OTHER_LDFLAGS'
[        ]          Implicit dependency on target 'shared_preferences_foundation' in project 'Pods' via options '-framework shared_preferences_foundation' in build setting 'OTHER_LDFLAGS'
[        ]          Implicit dependency on target 'sqflite_darwin' in project 'Pods' via options '-framework sqflite_darwin' in build setting 'OTHER_LDFLAGS'
[        ]     Target 'Pods-Runner' in project 'Pods'
[        ]          Explicit dependency on target 'AppAuth' in project 'Pods'
[        ]          Explicit dependency on target 'AppCheckCore' in project 'Pods'
[        ]          Explicit dependency on target 'FlutterMacOS' in project 'Pods'
[        ]          Explicit dependency on target 'GTMAppAuth' in project 'Pods'
[        ]          Explicit dependency on target 'GTMSessionFetcher' in project 'Pods'
[        ]          Explicit dependency on target 'GoogleSignIn' in project 'Pods'
[        ]          Explicit dependency on target 'GoogleUtilities' in project 'Pods'
[        ]          Explicit dependency on target 'PromisesObjC' in project 'Pods'
[        ]          Explicit dependency on target 'connectivity_plus' in project 'Pods'
[        ]          Explicit dependency on target 'file_picker' in project 'Pods'
[        ]          Explicit dependency on target 'file_selector_macos' in project 'Pods'
[        ]          Explicit dependency on target 'google_sign_in_ios' in project 'Pods'
[        ]          Explicit dependency on target 'path_provider_foundation' in project 'Pods'
[        ]          Explicit dependency on target 'shared_preferences_foundation' in project 'Pods'
[        ]          Explicit dependency on target 'sqflite_darwin' in project 'Pods'
[        ]     Target 'Flutter Assemble' in project 'Runner'
[        ]          Implicit dependency on target 'AppAuth' in project 'Pods' via options '-framework AppAuth' in build setting 'OTHER_LDFLAGS'
[        ]          Implicit dependency on target 'AppCheckCore' in project 'Pods' via options '-framework AppCheckCore' in build setting 'OTHER_LDFLAGS'
[        ]          Implicit dependency on target 'PromisesObjC' in project 'Pods' via options '-framework FBLPromises' in build setting 'OTHER_LDFLAGS'
[        ]          Implicit dependency on target 'GTMAppAuth' in project 'Pods' via options '-framework GTMAppAuth' in build setting 'OTHER_LDFLAGS'
[        ]          Implicit dependency on target 'GTMSessionFetcher' in project 'Pods' via options '-framework GTMSessionFetcher' in build setting 'OTHER_LDFLAGS'
[        ]          Implicit dependency on target 'GoogleSignIn' in project 'Pods' via options '-framework GoogleSignIn' in build setting 'OTHER_LDFLAGS'
[        ]          Implicit dependency on target 'GoogleUtilities' in project 'Pods' via options '-framework GoogleUtilities' in build setting 'OTHER_LDFLAGS'
[        ]          Implicit dependency on target 'connectivity_plus' in project 'Pods' via options '-framework connectivity_plus' in build setting 'OTHER_LDFLAGS'
[        ]          Implicit dependency on target 'file_picker' in project 'Pods' via options '-framework file_picker' in build setting 'OTHER_LDFLAGS'
[        ]          Implicit dependency on target 'file_selector_macos' in project 'Pods' via options '-framework file_selector_macos' in build setting 'OTHER_LDFLAGS'
[        ]          Implicit dependency on target 'google_sign_in_ios' in project 'Pods' via options '-framework google_sign_in_ios' in build setting 'OTHER_LDFLAGS'
[        ]          Implicit dependency on target 'path_provider_foundation' in project 'Pods' via options '-framework path_provider_foundation' in build setting 'OTHER_LDFLAGS'
[        ]          Implicit dependency on target 'shared_preferences_foundation' in project 'Pods' via options '-framework shared_preferences_foundation' in build setting 'OTHER_LDFLAGS'
[        ]          Implicit dependency on target 'sqflite_darwin' in project 'Pods' via options '-framework sqflite_darwin' in build setting 'OTHER_LDFLAGS'
[        ]     Target 'sqflite_darwin' in project 'Pods'
[        ]          Explicit dependency on target 'FlutterMacOS' in project 'Pods'
[        ]          Explicit dependency on target 'sqflite_darwin-sqflite_darwin_privacy' in project 'Pods'
[        ]     Target 'sqflite_darwin-sqflite_darwin_privacy' in project 'Pods' (no dependencies)
[        ]     Target 'shared_preferences_foundation' in project 'Pods'
[        ]          Explicit dependency on target 'FlutterMacOS' in project 'Pods'
[        ]          Explicit dependency on target 'shared_preferences_foundation-shared_preferences_foundation_privacy' in project 'Pods'
[        ]     Target 'shared_preferences_foundation-shared_preferences_foundation_privacy' in project 'Pods' (no dependencies)
[        ]     Target 'path_provider_foundation' in project 'Pods'
[        ]          Explicit dependency on target 'FlutterMacOS' in project 'Pods'
[        ]          Explicit dependency on target 'path_provider_foundation-path_provider_foundation_privacy' in project 'Pods'
[        ]     Target 'path_provider_foundation-path_provider_foundation_privacy' in project 'Pods' (no dependencies)
[        ]     Target 'google_sign_in_ios' in project 'Pods'
[        ]          Explicit dependency on target 'AppAuth' in project 'Pods'
[        ]          Explicit dependency on target 'FlutterMacOS' in project 'Pods'
[        ]          Explicit dependency on target 'GTMSessionFetcher' in project 'Pods'
[        ]          Explicit dependency on target 'GoogleSignIn' in project 'Pods'
[        ]          Explicit dependency on target 'google_sign_in_ios-google_sign_in_ios_privacy' in project 'Pods'
[        ]     Target 'google_sign_in_ios-google_sign_in_ios_privacy' in project 'Pods' (no dependencies)
[        ]     Target 'file_selector_macos' in project 'Pods'
[        ]          Explicit dependency on target 'FlutterMacOS' in project 'Pods'
[        ]          Explicit dependency on target 'file_selector_macos-file_selector_macos_privacy' in project 'Pods'
[        ]     Target 'file_selector_macos-file_selector_macos_privacy' in project 'Pods' (no dependencies)
[        ]     Target 'file_picker' in project 'Pods'
[        ]          Explicit dependency on target 'FlutterMacOS' in project 'Pods'
[        ]          Explicit dependency on target 'file_picker-file_picker_privacy' in project 'Pods'
[        ]     Target 'file_picker-file_picker_privacy' in project 'Pods' (no dependencies)
[        ]     Target 'connectivity_plus' in project 'Pods'
[        ]          Explicit dependency on target 'FlutterMacOS' in project 'Pods'
[        ]          Explicit dependency on target 'connectivity_plus-connectivity_plus_privacy' in project 'Pods'
[        ]     Target 'connectivity_plus-connectivity_plus_privacy' in project 'Pods' (no dependencies)
[        ]     Target 'FlutterMacOS' in project 'Pods' (no dependencies)
[        ]     Target 'GoogleSignIn' in project 'Pods'
[        ]          Explicit dependency on target 'AppAuth' in project 'Pods'
[        ]          Explicit dependency on target 'AppCheckCore' in project 'Pods'
[        ]          Explicit dependency on target 'GTMAppAuth' in project 'Pods'
[        ]          Explicit dependency on target 'GTMSessionFetcher' in project 'Pods'
[        ]          Explicit dependency on target 'GoogleSignIn-GoogleSignIn' in project 'Pods'
[        ]     Target 'GoogleSignIn-GoogleSignIn' in project 'Pods'
[        ]          Implicit dependency on target 'AppAuth' in project 'Pods' via options '-framework AppAuth' in build setting 'OTHER_LDFLAGS'
[        ]          Implicit dependency on target 'AppCheckCore' in project 'Pods' via options '-framework AppCheckCore' in build setting 'OTHER_LDFLAGS'
[        ]          Implicit dependency on target 'GTMAppAuth' in project 'Pods' via options '-framework GTMAppAuth' in build setting 'OTHER_LDFLAGS'
[        ]          Implicit dependency on target 'GTMSessionFetcher' in project 'Pods' via options '-framework GTMSessionFetcher' in build setting 'OTHER_LDFLAGS'
[        ]     Target 'GTMAppAuth' in project 'Pods'
[        ]          Explicit dependency on target 'AppAuth' in project 'Pods'
[        ]          Explicit dependency on target 'GTMAppAuth-GTMAppAuth_Privacy' in project 'Pods'
[        ]          Explicit dependency on target 'GTMSessionFetcher' in project 'Pods'
[        ]     Target 'GTMAppAuth-GTMAppAuth_Privacy' in project 'Pods'
[        ]          Implicit dependency on target 'AppAuth' in project 'Pods' via options '-framework AppAuth' in build setting 'OTHER_LDFLAGS'
[        ]          Implicit dependency on target 'GTMSessionFetcher' in project 'Pods' via options '-framework GTMSessionFetcher' in build setting 'OTHER_LDFLAGS'
[        ]     Target 'GTMSessionFetcher' in project 'Pods'
[        ]          Explicit dependency on target 'GTMSessionFetcher-GTMSessionFetcher_Core_Privacy' in project 'Pods'
[        ]          Explicit dependency on target 'GTMSessionFetcher-GTMSessionFetcher_Full_Privacy' in project 'Pods'
[        ]     Target 'GTMSessionFetcher-GTMSessionFetcher_Full_Privacy' in project 'Pods' (no dependencies)
[        ]     Target 'GTMSessionFetcher-GTMSessionFetcher_Core_Privacy' in project 'Pods' (no dependencies)
[        ]     Target 'AppCheckCore' in project 'Pods'
[        ]          Explicit dependency on target 'GoogleUtilities' in project 'Pods'
[        ]          Explicit dependency on target 'PromisesObjC' in project 'Pods'
[        ]     Target 'PromisesObjC' in project 'Pods'
[        ]          Explicit dependency on target 'PromisesObjC-FBLPromises_Privacy' in project 'Pods'
[        ]     Target 'PromisesObjC-FBLPromises_Privacy' in project 'Pods' (no dependencies)
[        ]     Target 'GoogleUtilities' in project 'Pods'
[        ]          Explicit dependency on target 'GoogleUtilities-GoogleUtilities_Privacy' in project 'Pods'
[        ]     Target 'GoogleUtilities-GoogleUtilities_Privacy' in project 'Pods' (no dependencies)
[        ]     Target 'AppAuth' in project 'Pods'
[        ]          Explicit dependency on target 'AppAuth-AppAuthCore_Privacy' in project 'Pods'
[        ]     Target 'AppAuth-AppAuthCore_Privacy' in project 'Pods' (no dependencies)
[        ] GatherProvisioningInputs
[ +230 ms] CreateBuildDescription
[ +130 ms] ExecuteExternalTool /Applications/Xcode.app/Contents/Developer/Toolchains/XcodeDefault.xctoolchain/usr/bin/clang -v -E -dM -arch arm64 -isysroot /Applications/Xcode.app/Contents/Developer/Platforms/MacOSX.platform/Developer/SDKs/MacOSX26.2.sdk -x c -c /dev/null
[  +62 ms] ExecuteExternalTool /Applications/Xcode.app/Contents/Developer/Toolchains/XcodeDefault.xctoolchain/usr/bin/clang -v -E -dM -isysroot /Applications/Xcode.app/Contents/Developer/Platforms/MacOSX.platform/Developer/SDKs/MacOSX26.2.sdk -x c -c /dev/null
[  +48 ms] ExecuteExternalTool /Applications/Xcode.app/Contents/Developer/Toolchains/XcodeDefault.xctoolchain/usr/bin/clang -v -E -dM -arch arm64 -isysroot /Applications/Xcode.app/Contents/Developer/Platforms/MacOSX.platform/Developer/SDKs/MacOSX26.2.sdk -x objective-c -c /dev/null
[  +49 ms] ExecuteExternalTool /Applications/Xcode.app/Contents/Developer/usr/bin/ibtool --version --output-format xml1
[        ] ExecuteExternalTool /Applications/Xcode.app/Contents/Developer/usr/bin/actool --version --output-format xml1
[        ] ExecuteExternalTool /Applications/Xcode.app/Contents/Developer/Toolchains/XcodeDefault.xctoolchain/usr/bin/swiftc --version
[  +70 ms] ExecuteExternalTool /Applications/Xcode.app/Contents/Developer/Toolchains/XcodeDefault.xctoolchain/usr/bin/libtool -V
[        ] ExecuteExternalTool /Applications/Xcode.app/Contents/Developer/Toolchains/XcodeDefault.xctoolchain/usr/bin/ld -version_details
[ +151 ms] Build description signature: a556bc90c22596a93336ddcd956ac217
[        ] Build description path: /Users/warren/src/dart/alpine_pod/alpine_pod_flutter/build/macos/Build/Intermediates.noindex/XCBuildData/a556bc90c22596a93336ddcd956ac217.xcbuilddata
[   +4 ms] /Users/warren/src/dart/alpine_pod/alpine_pod_flutter/macos/Pods/Pods.xcodeproj: warning: The macOS deployment target 'MACOSX_DEPLOYMENT_TARGET' is set to 10.12, but the range of supported deployment target versions is 10.13 to 26.2.99. (in target 'GTMSessionFetcher-GTMSessionFetcher_Core_Privacy' from project 'Pods')
[        ] /Users/warren/src/dart/alpine_pod/alpine_pod_flutter/macos/Pods/Pods.xcodeproj: warning: The macOS deployment target 'MACOSX_DEPLOYMENT_TARGET' is set to 10.12, but the range of supported deployment target versions is 10.13 to 26.2.99. (in target 'GTMSessionFetcher' from project 'Pods')
[        ] /Users/warren/src/dart/alpine_pod/alpine_pod_flutter/macos/Pods/Pods.xcodeproj: warning: The macOS deployment target 'MACOSX_DEPLOYMENT_TARGET' is set to 10.12, but the range of supported deployment target versions is 10.13 to 26.2.99. (in target 'GTMAppAuth-GTMAppAuth_Privacy' from project 'Pods')
[        ] /Users/warren/src/dart/alpine_pod/alpine_pod_flutter/macos/Pods/Pods.xcodeproj: warning: The macOS deployment target 'MACOSX_DEPLOYMENT_TARGET' is set to 10.12, but the range of supported deployment target versions is 10.13 to 26.2.99. (in target 'GTMAppAuth' from project 'Pods')
[        ] /Users/warren/src/dart/alpine_pod/alpine_pod_flutter/macos/Runner.xcodeproj: error: No profiles for 'com.example.alpinePodFlutter' were found: Xcode couldn't find any Mac App Development provisioning profiles matching 'com.example.alpinePodFlutter'. Automatic signing is disabled and unable to generate a profile. To enable automatic signing, pass -allowProvisioningUpdates to xcodebuild. (in target 'Runner' from project 'Runner')
[        ] note: Run script build phase 'Run Script' will be run during every build because the option to run the script phase "Based on dependency analysis" is unchecked. (in target 'Runner' from project 'Runner')
[        ] /Users/warren/src/dart/alpine_pod/alpine_pod_flutter/macos/Pods/Pods.xcodeproj: warning: The macOS deployment target 'MACOSX_DEPLOYMENT_TARGET' is set to 10.11, but the range of supported deployment target versions is 10.13 to 26.2.99. (in target 'PromisesObjC' from project 'Pods')
[        ] /Users/warren/src/dart/alpine_pod/alpine_pod_flutter/macos/Pods/Pods.xcodeproj: warning: The macOS deployment target 'MACOSX_DEPLOYMENT_TARGET' is set to 10.12, but the range of supported deployment target versions is 10.13 to 26.2.99. (in target 'GTMSessionFetcher-GTMSessionFetcher_Full_Privacy' from project 'Pods')
[        ] /Users/warren/src/dart/alpine_pod/alpine_pod_flutter/macos/Pods/Pods.xcodeproj: warning: The macOS deployment target 'MACOSX_DEPLOYMENT_TARGET' is set to 10.12, but the range of supported deployment target versions is 10.13 to 26.2.99. (in target 'AppAuth' from project 'Pods')
[        ] /Users/warren/src/dart/alpine_pod/alpine_pod_flutter/macos/Pods/Pods.xcodeproj: warning: The macOS deployment target 'MACOSX_DEPLOYMENT_TARGET' is set to 10.11, but the range of supported deployment target versions is 10.13 to 26.2.99. (in target 'PromisesObjC-FBLPromises_Privacy' from project 'Pods')
[        ] /Users/warren/src/dart/alpine_pod/alpine_pod_flutter/macos/Pods/Pods.xcodeproj: warning: The macOS deployment target 'MACOSX_DEPLOYMENT_TARGET' is set to 10.12, but the range of supported deployment target versions is 10.13 to 26.2.99. (in target 'AppAuth-AppAuthCore_Privacy' from project 'Pods')
[   +2 ms] ** BUILD FAILED **
[        ] The following build commands failed:
[        ] 	Building workspace Runner with scheme Runner and configuration Debug
[        ] (1 failure)
[  +18 ms] Building macOS application... (completed in 2,341ms)
[        ] "flutter macos" took 5,302ms.
[   +3 ms] executing: sw_vers -productName
[   +9 ms] Exit code 0 from: sw_vers -productName
[        ] macOS
[        ] executing: sw_vers -productVersion
[   +8 ms] Exit code 0 from: sw_vers -productVersion
[        ] 15.7.3
[        ] executing: sw_vers -buildVersion
[   +8 ms] Exit code 0 from: sw_vers -buildVersion
[        ] 24G419
[        ] executing: uname -m
[   +3 ms] Exit code 0 from: uname -m
[        ] arm64
[  +29 ms] Build process failed
[        ] 
           #0      throwToolExit (package:flutter_tools/src/base/common.dart:34:3)
           #1      buildMacOS (package:flutter_tools/src/macos/build_macos.dart:239:5)
           <asynchronous suspension>
           #2      BuildMacosCommand.runCommand (package:flutter_tools/src/commands/build_macos.dart:60:5)
           <asynchronous suspension>
           #3      FlutterCommand.run.<anonymous closure> (package:flutter_tools/src/runner/flutter_command.dart:1559:27)
           <asynchronous suspension>
           #4      AppContext.run.<anonymous closure> (package:flutter_tools/src/base/context.dart:154:19)
           <asynchronous suspension>
           #5      CommandRunner.runCommand (package:args/command_runner.dart:212:13)
           <asynchronous suspension>
           #6      FlutterCommandRunner.runCommand.<anonymous closure> (package:flutter_tools/src/runner/flutter_command_runner.dart:487:9)
           <asynchronous suspension>
           #7      AppContext.run.<anonymous closure> (package:flutter_tools/src/base/context.dart:154:19)
           <asynchronous suspension>
           #8      FlutterCommandRunner.runCommand (package:flutter_tools/src/runner/flutter_command_runner.dart:422:5)
           <asynchronous suspension>
           #9      run.<anonymous closure>.<anonymous closure> (package:flutter_tools/runner.dart:101:11)
           <asynchronous suspension>
           #10     AppContext.run.<anonymous closure> (package:flutter_tools/src/base/context.dart:154:19)
           <asynchronous suspension>
           #11     main (package:flutter_tools/executable.dart:103:3)
           <asynchronous suspension>


[        ] Running 1 shutdown hook
[        ] Shutdown hooks complete
[  +18 ms] exiting with code 1
